<?xml version="1.0" encoding="UTF-8"?>
<testsuite name="gov.usgs.earthquake.indexer.IndexerTest" tests="18" skipped="0" failures="0" errors="0" timestamp="2018-08-22T23:04:36" hostname="igskcicgltgm091.local" time="8.524">
  <properties/>
  <testcase name="testPersistentTrump" classname="gov.usgs.earthquake.indexer.IndexerTest" time="0.534"/>
  <testcase name="onProductNewTest" classname="gov.usgs.earthquake.indexer.IndexerTest" time="0.147"/>
  <testcase name="testTrump" classname="gov.usgs.earthquake.indexer.IndexerTest" time="0.328"/>
  <testcase name="getModuleTest" classname="gov.usgs.earthquake.indexer.IndexerTest" time="0.039"/>
  <testcase name="onProductUnassociatedTest" classname="gov.usgs.earthquake.indexer.IndexerTest" time="0.15"/>
  <testcase name="mergeEventsFromSameSourceUsingAssociate" classname="gov.usgs.earthquake.indexer.IndexerTest" time="0.275"/>
  <testcase name="mergeEventsFromSameSourceByDeletingSecondCodeFromSameSource" classname="gov.usgs.earthquake.indexer.IndexerTest" time="0.284"/>
  <testcase name="indexCleanupThreadTest" classname="gov.usgs.earthquake.indexer.IndexerTest" time="2.534"/>
  <testcase name="eventArchiveIssue" classname="gov.usgs.earthquake.indexer.IndexerTest" time="2.225"/>
  <testcase name="mergeLocationsUsingAssociate" classname="gov.usgs.earthquake.indexer.IndexerTest" time="0.193"/>
  <testcase name="onProductMergeTest1" classname="gov.usgs.earthquake.indexer.IndexerTest" time="0.199"/>
  <testcase name="onProductMergeTest2" classname="gov.usgs.earthquake.indexer.IndexerTest" time="0.124"/>
  <testcase name="onProductUpdatedTest" classname="gov.usgs.earthquake.indexer.IndexerTest" time="0.14"/>
  <testcase name="testDelete" classname="gov.usgs.earthquake.indexer.IndexerTest" time="0.131"/>
  <testcase name="onProductSplitTest1" classname="gov.usgs.earthquake.indexer.IndexerTest" time="0.194"/>
  <testcase name="onProductSplitTest2" classname="gov.usgs.earthquake.indexer.IndexerTest" time="0.184"/>
  <testcase name="onProductSplitTest3" classname="gov.usgs.earthquake.indexer.IndexerTest" time="0.259"/>
  <testcase name="archivePolicySupersededProductTest" classname="gov.usgs.earthquake.indexer.IndexerTest" time="0.574"/>
  <system-out><![CDATA[IndexerEvent
     EVENT_ADDED :: null --> usone
IndexerEvent
     EVENT_UPDATED :: usone --> ciuno
IndexerEvent
     EVENT_UPDATED :: usone --> usone
IndexerEvent
     EVENT_UPDATED :: usone --> usone
IndexerEvent
     EVENT_UPDATED :: usone --> ciuno
IndexerEvent
     EVENT_UPDATED :: usone --> usone
IndexerEvent
     EVENT_UPDATED :: usone --> ciuno
IndexerEvent
     EVENT_ADDED :: null --> usabcd1234
IndexerEvent
     EVENT_UPDATED :: usabcd1234 --> usabcd1234
IndexerEvent
     EVENT_ADDED :: null --> usone
IndexerEvent
     EVENT_UPDATED :: usone --> scuno
IndexerEvent
     EVENT_UPDATED :: scuno --> usone
IndexerEvent
     EVENT_UPDATED :: usone --> scuno
IndexerEvent
     PRODUCT_ADDED :: null --> null
IndexerEvent
     EVENT_ADDED :: null --> ustestproduct-one
IndexerEvent
     EVENT_ADDED :: null --> ustestproduct-two
IndexerEvent
     EVENT_MERGED :: ustestproduct-one --> null
     EVENT_UPDATED :: ustestproduct-two --> ustestproduct-two
IndexerEvent
     EVENT_ADDED :: null --> usevent1
IndexerEvent
     EVENT_ADDED :: null --> usevent2
IndexerEvent
     EVENT_UPDATED :: usevent2 --> notusotherevent
IndexerEvent
     EVENT_MERGED :: usevent1 --> null
     EVENT_UPDATED :: notusotherevent --> notusotherevent
IndexerEvent
     EVENT_ADDED :: null --> usabcd1234
IndexerEvent
     EVENT_ARCHIVED :: usabcd1234 --> null
IndexerEvent
     EVENT_ADDED :: null --> nc71932931
IndexerEvent
     EVENT_UPDATED :: nc71932931 --> nc71932931
IndexerEvent
     EVENT_UPDATED :: nc71932931 --> nc71932931
IndexerEvent
     EVENT_ADDED :: null --> notustestproduct-one
IndexerEvent
     EVENT_ADDED :: null --> ustestproduct-two
IndexerEvent
     EVENT_MERGED :: notustestproduct-one --> null
     EVENT_UPDATED :: ustestproduct-two --> ustestproduct-two
IndexerEvent
     EVENT_ADDED :: null --> notustestproduct-one
IndexerEvent
     EVENT_ADDED :: null --> ustestproduct-two
IndexerEvent
     EVENT_MERGED :: notustestproduct-one --> null
     EVENT_UPDATED :: ustestproduct-two --> ustestproduct-two
IndexerEvent
     PRODUCT_ADDED :: null --> null
IndexerEvent
     EVENT_ADDED :: null --> ustestproduct-one
IndexerEvent
     EVENT_ADDED :: null --> usabcd1234
IndexerEvent
     EVENT_UPDATED :: usabcd1234 --> usabcd1234
IndexerEvent
     EVENT_ADDED :: null --> usone
IndexerEvent
     EVENT_DELETED :: usone --> usone
IndexerEvent
     EVENT_ADDED :: null --> usone
IndexerEvent
     EVENT_UPDATED :: usone --> ncuno
IndexerEvent
     EVENT_UPDATED :: ncuno --> ncuno
     EVENT_SPLIT :: null --> usone
IndexerEvent
     EVENT_ADDED :: null --> usone
IndexerEvent
     EVENT_UPDATED :: usone --> ncuno
IndexerEvent
     EVENT_UPDATED :: ncuno --> ncuno
     EVENT_SPLIT :: null --> usone
IndexerEvent
     EVENT_ADDED :: null --> usone
IndexerEvent
     EVENT_UPDATED :: usone --> usone
IndexerEvent
     EVENT_UPDATED :: usone --> usone
IndexerEvent
     EVENT_UPDATED :: usone --> usone
     EVENT_SPLIT :: null --> ciein
     EVENT_SPLIT :: null --> ncuno
IndexerEvent
     EVENT_ADDED :: null --> usabcd1234
IndexerEvent
     EVENT_UPDATED :: usabcd1234 --> usabcd1234
IndexerEvent
     EVENT_UPDATED :: usabcd1234 --> usabcd1234
IndexerEvent
     EVENT_ARCHIVED :: usabcd1234 --> null
]]></system-out>
  <system-err><![CDATA[INFO	thread=763	Archiving disabled

###
Wed Aug 22 17:04:36 MDT 2018
FINEST	thread=13	[null] storing product id=urn:usgs-product:us:testproduct:one:1534979076817
FINEST	thread=13	[null] acquiring write lock for product id=urn:usgs-product:us:testproduct:one:1534979076817
FINEST	thread=13	[null] acquired write lock for product id=urn:usgs-product:us:testproduct:one:1534979076817
FINEST	thread=13	[null] acquiring read lock for product id=urn:usgs-product:us:testproduct:one:1534979076817
FINEST	thread=13	[null] acquired read lock for product id=urn:usgs-product:us:testproduct:one:1534979076817
FINEST	thread=13	[null] releasing read lock for product id=urn:usgs-product:us:testproduct:one:1534979076817
FINEST	thread=13	[null] released read lock for product id=urn:usgs-product:us:testproduct:one:1534979076817
FINER	thread=13	[null] product stored id=urn:usgs-product:us:testproduct:one:1534979076817, status=UPDATE
FINEST	thread=13	[null] releasing write lock for product id=urn:usgs-product:us:testproduct:one:1534979076817
FINEST	thread=13	[null] released write lock for product id=urn:usgs-product:us:testproduct:one:1534979076817
FINEST	thread=13	[null] stored product id=urn:usgs-product:us:testproduct:one:1534979076817
FINER	thread=13	[null] summarizing product id=urn:usgs-product:us:testproduct:one:1534979076817
FINEST	thread=13	[null] beginning index transaction
FINER	thread=13	[null] finding previous version
FINEST	thread=13	[null] running query 
SELECT DISTINCT id FROM productSummary p WHERE p.id IS NOT NULL AND p.id = (SELECT id FROM productSummary ps WHERE ps.source='us' AND ps.type='testproduct' AND ps.code='one' AND ps.status <> 'DELETE' ORDER BY ps.updateTime DESC LIMIT 1) AND source='us' AND type='testproduct' AND code='one'
FINEST	thread=13	[null] query complete
FINER	thread=13	[null] finding previous event
FINEST	thread=13	Product Index Query
eventSearchType=SEARCH_EVENT_PRODUCTS
resultType=RESULT_TYPE_ALL
eventSource=us
eventSourceCode=one
FINEST	thread=13	Product Index Query
eventSearchType=SEARCH_EVENT_PREFERRED
resultType=RESULT_TYPE_ALL
minEventTime=Wed Aug 22 17:04:20 MDT 2018
maxEventTime=Wed Aug 22 17:04:52 MDT 2018
minEventLatitude=34.10007199424046075986183268469176255166530609130859375
maxEventLatitude=35.89992800575953924013816731530823744833469390869140625
minEventLongitude=-119.098609241146021986423875205218791961669921875
maxEventLongitude=-116.901390758853978013576124794781208038330078125
FINER	thread=13	[null] adding summary to index
FINEST	thread=13	[null] Added property eventsourcecode:one for product 1
FINEST	thread=13	[null] Added property eventtime:2018-08-22T23:04:36.817Z for product 1
FINEST	thread=13	[null] Added property eventsource:us for product 1
FINEST	thread=13	[null] Added property latitude:35 for product 1
FINEST	thread=13	[null] Added property longitude:-118 for product 1
FINEST	thread=13	[null] Added productSummary urn:usgs-product:us:testproduct:one:1534979076817, indexid=1 to product index
FINEST	thread=13	Added event id=1
FINEST	thread=13	[null] Added event to Product Index
FINER	thread=13	[null] Added associations event id=1, productSummary source=us, type=testproduct, code=one (id=1)
FINER	thread=13	[null] created event indexid=1
FINE	thread=13	Eventindexid=1, eventid=usone, latitude=35, longitude=-118, time=Wed Aug 22 17:04:36 MDT 2018, deleted=false
FINER	thread=13	Products in event
	status=UPDATE, id=urn:usgs-product:us:testproduct:one:1534979076817, eventid=usone, latitude=35, longitude=-118, time=Wed Aug 22 17:04:36 MDT 2018
FINER	thread=13	[null] checking for event merges
FINER	thread=13	[null] searching for unassociated products
FINER	thread=13	[null] search for unassociated products complete
FINER	thread=13	[null] updating event summary parameters
FINER	thread=13	[null] Updating event indexid=1
FINE	thread=13	Eventindexid=1, eventid=usone, latitude=35, longitude=-118, time=Wed Aug 22 17:04:36 MDT 2018, deleted=false
FINER	thread=13	Products in event
	status=UPDATE, id=urn:usgs-product:us:testproduct:one:1534979076817, eventid=usone, latitude=35, longitude=-118, time=Wed Aug 22 17:04:36 MDT 2018
FINEST	thread=13	[null] Updated event properties in Product Index
FINER	thread=13	[null] committing transaction
FINE	thread=13	[null] notifying listeners
INFO	thread=13	[null] indexed product id=urn:usgs-product:us:testproduct:one:1534979076817, status=UPDATE
EVENT_ADDED null => usone
FINEST	thread=765	[null] acquiring read lock for product id=urn:usgs-product:us:testproduct:one:1534979076817
FINEST	thread=767	[null] acquiring read lock for product id=urn:usgs-product:us:testproduct:one:1534979076817
FINEST	thread=765	[null] acquired read lock for product id=urn:usgs-product:us:testproduct:one:1534979076817
FINEST	thread=765	[null] releasing read lock for product id=urn:usgs-product:us:testproduct:one:1534979076817
FINEST	thread=767	[null] acquired read lock for product id=urn:usgs-product:us:testproduct:one:1534979076817
FINEST	thread=765	[null] released read lock for product id=urn:usgs-product:us:testproduct:one:1534979076817
FINEST	thread=767	[null] releasing read lock for product id=urn:usgs-product:us:testproduct:one:1534979076817
FINEST	thread=767	[null] released read lock for product id=urn:usgs-product:us:testproduct:one:1534979076817
FINER	thread=767	[DirectoryProductSource] Product does not have any  URLContent. Scraping directory for files.
FINER	thread=765	[DirectoryProductSource] Product does not have any  URLContent. Scraping directory for files.
FINEST	thread=765	[null] acquiring write lock for product id=urn:usgs-product:us:testproduct:one:1534979076817
FINEST	thread=765	[null] acquired write lock for product id=urn:usgs-product:us:testproduct:one:1534979076817
FINEST	thread=765	[null] acquiring read lock for product id=urn:usgs-product:us:testproduct:one:1534979076817
FINEST	thread=765	[null] acquired read lock for product id=urn:usgs-product:us:testproduct:one:1534979076817
FINEST	thread=765	[null] releasing read lock for product id=urn:usgs-product:us:testproduct:one:1534979076817
FINEST	thread=765	[null] released read lock for product id=urn:usgs-product:us:testproduct:one:1534979076817
FINEST	thread=767	[null] acquiring write lock for product id=urn:usgs-product:us:testproduct:one:1534979076817
FINEST	thread=767	[null] acquired write lock for product id=urn:usgs-product:us:testproduct:one:1534979076817
FINEST	thread=767	[null] acquiring read lock for product id=urn:usgs-product:us:testproduct:one:1534979076817
FINEST	thread=767	[null] acquired read lock for product id=urn:usgs-product:us:testproduct:one:1534979076817
FINEST	thread=767	[null] releasing read lock for product id=urn:usgs-product:us:testproduct:one:1534979076817
FINEST	thread=767	[null] released read lock for product id=urn:usgs-product:us:testproduct:one:1534979076817
WARNING	thread=767	[null] exception while storing product, removing incomplete product
java.io.IOException: Unable to create directory /Users/jmfee/Documents/git/pdl/_test_storage_/testproduct/one/us/1534979076817
	at gov.usgs.util.StreamUtils.getOutputStream(StreamUtils.java:154)
	at gov.usgs.util.StreamUtils.getOutputStream(StreamUtils.java:185)
	at gov.usgs.earthquake.product.io.DirectoryProductHandler.onEndProduct(DirectoryProductHandler.java:68)
	at gov.usgs.earthquake.product.io.FilterProductHandler.onEndProduct(FilterProductHandler.java:71)
	at gov.usgs.earthquake.distribution.FileProductStorage$StorageProductOutput.onEndProduct(FileProductStorage.java:855)
	at gov.usgs.earthquake.product.io.ObjectProductSource.sendEndProduct(ObjectProductSource.java:166)
	at gov.usgs.earthquake.product.io.ObjectProductSource.streamTo(ObjectProductSource.java:62)
	at gov.usgs.earthquake.distribution.FileProductStorage.storeProductSource(FileProductStorage.java:693)
	at gov.usgs.earthquake.distribution.FileProductStorage.storeProduct(FileProductStorage.java:675)
	at gov.usgs.earthquake.indexer.ExternalIndexerListener.storeProduct(ExternalIndexerListener.java:194)
	at gov.usgs.earthquake.indexer.ExternalIndexerListener.onIndexerEvent(ExternalIndexerListener.java:129)
	at gov.usgs.earthquake.indexer.IndexerListenerCallable.call(IndexerListenerCallable.java:37)
	at gov.usgs.earthquake.indexer.IndexerListenerCallable.call(IndexerListenerCallable.java:12)
	at gov.usgs.util.ExecutorTask.run(ExecutorTask.java:183)
	at java.base/java.util.concurrent.Executors$RunnableAdapter.call(Executors.java:514)
	at java.base/java.util.concurrent.FutureTask.run(FutureTask.java:264)
	at java.base/java.util.concurrent.ThreadPoolExecutor.runWorker(ThreadPoolExecutor.java:1135)
	at java.base/java.util.concurrent.ThreadPoolExecutor$Worker.run(ThreadPoolExecutor.java:635)
	at java.base/java.lang.Thread.run(Thread.java:844)
FINEST	thread=767	[null] acquiring write lock for product id=urn:usgs-product:us:testproduct:one:1534979076817
FINEST	thread=767	[null] acquired write lock for product id=urn:usgs-product:us:testproduct:one:1534979076817
FINER	thread=765	[null] product stored id=urn:usgs-product:us:testproduct:one:1534979076817, status=UPDATE
FINEST	thread=765	[null] releasing write lock for product id=urn:usgs-product:us:testproduct:one:1534979076817
FINEST	thread=765	[null] released write lock for product id=urn:usgs-product:us:testproduct:one:1534979076817
FINEST	thread=765	[null] acquiring read lock for product id=urn:usgs-product:us:testproduct:one:1534979076817
FINEST	thread=765	[null] acquired read lock for product id=urn:usgs-product:us:testproduct:one:1534979076817
FINEST	thread=765	[null] releasing read lock for product id=urn:usgs-product:us:testproduct:one:1534979076817
FINEST	thread=765	[null] released read lock for product id=urn:usgs-product:us:testproduct:one:1534979076817
FINER	thread=767	[null] product removed, id=urn:usgs-product:us:testproduct:one:1534979076817
FINEST	thread=767	[null] releasing write lock for product id=urn:usgs-product:us:testproduct:one:1534979076817
FINEST	thread=767	[null] released write lock for product id=urn:usgs-product:us:testproduct:one:1534979076817
FINEST	thread=767	[null] releasing write lock for product id=urn:usgs-product:us:testproduct:one:1534979076817
FINEST	thread=767	[null] released write lock for product id=urn:usgs-product:us:testproduct:one:1534979076817
WARNING	thread=767	[null] listener (null) threw exception, for product id=urn:usgs-product:us:testproduct:one:1534979076817
java.io.IOException: Unable to create directory /Users/jmfee/Documents/git/pdl/_test_storage_/testproduct/one/us/1534979076817
	at gov.usgs.util.StreamUtils.getOutputStream(StreamUtils.java:154)
	at gov.usgs.util.StreamUtils.getOutputStream(StreamUtils.java:185)
	at gov.usgs.earthquake.product.io.DirectoryProductHandler.onEndProduct(DirectoryProductHandler.java:68)
	at gov.usgs.earthquake.product.io.FilterProductHandler.onEndProduct(FilterProductHandler.java:71)
	at gov.usgs.earthquake.distribution.FileProductStorage$StorageProductOutput.onEndProduct(FileProductStorage.java:855)
	at gov.usgs.earthquake.product.io.ObjectProductSource.sendEndProduct(ObjectProductSource.java:166)
	at gov.usgs.earthquake.product.io.ObjectProductSource.streamTo(ObjectProductSource.java:62)
	at gov.usgs.earthquake.distribution.FileProductStorage.storeProductSource(FileProductStorage.java:693)
	at gov.usgs.earthquake.distribution.FileProductStorage.storeProduct(FileProductStorage.java:675)
	at gov.usgs.earthquake.indexer.ExternalIndexerListener.storeProduct(ExternalIndexerListener.java:194)
	at gov.usgs.earthquake.indexer.ExternalIndexerListener.onIndexerEvent(ExternalIndexerListener.java:129)
	at gov.usgs.earthquake.indexer.IndexerListenerCallable.call(IndexerListenerCallable.java:37)
	at gov.usgs.earthquake.indexer.IndexerListenerCallable.call(IndexerListenerCallable.java:12)
	at gov.usgs.util.ExecutorTask.run(ExecutorTask.java:183)
	at java.base/java.util.concurrent.Executors$RunnableAdapter.call(Executors.java:514)
	at java.base/java.util.concurrent.FutureTask.run(FutureTask.java:264)
	at java.base/java.util.concurrent.ThreadPoolExecutor.runWorker(ThreadPoolExecutor.java:1135)
	at java.base/java.util.concurrent.ThreadPoolExecutor$Worker.run(ThreadPoolExecutor.java:635)
	at java.base/java.lang.Thread.run(Thread.java:844)
FINE	thread=767	Exception: Unable to create directory /Users/jmfee/Documents/git/pdl/_test_storage_/testproduct/one/us/1534979076817 source=us, type=testproduct, code=one, updateTime=Wed Aug 22 17:04:36 MDT 2018
FINEST	thread=767	Tracker updates disabled, not sent
INFO	thread=767	Exception executing task
java.io.IOException: Unable to create directory /Users/jmfee/Documents/git/pdl/_test_storage_/testproduct/one/us/1534979076817
	at gov.usgs.util.StreamUtils.getOutputStream(StreamUtils.java:154)
	at gov.usgs.util.StreamUtils.getOutputStream(StreamUtils.java:185)
	at gov.usgs.earthquake.product.io.DirectoryProductHandler.onEndProduct(DirectoryProductHandler.java:68)
	at gov.usgs.earthquake.product.io.FilterProductHandler.onEndProduct(FilterProductHandler.java:71)
	at gov.usgs.earthquake.distribution.FileProductStorage$StorageProductOutput.onEndProduct(FileProductStorage.java:855)
	at gov.usgs.earthquake.product.io.ObjectProductSource.sendEndProduct(ObjectProductSource.java:166)
	at gov.usgs.earthquake.product.io.ObjectProductSource.streamTo(ObjectProductSource.java:62)
	at gov.usgs.earthquake.distribution.FileProductStorage.storeProductSource(FileProductStorage.java:693)
	at gov.usgs.earthquake.distribution.FileProductStorage.storeProduct(FileProductStorage.java:675)
	at gov.usgs.earthquake.indexer.ExternalIndexerListener.storeProduct(ExternalIndexerListener.java:194)
	at gov.usgs.earthquake.indexer.ExternalIndexerListener.onIndexerEvent(ExternalIndexerListener.java:129)
	at gov.usgs.earthquake.indexer.IndexerListenerCallable.call(IndexerListenerCallable.java:37)
	at gov.usgs.earthquake.indexer.IndexerListenerCallable.call(IndexerListenerCallable.java:12)
	at gov.usgs.util.ExecutorTask.run(ExecutorTask.java:183)
	at java.base/java.util.concurrent.Executors$RunnableAdapter.call(Executors.java:514)
	at java.base/java.util.concurrent.FutureTask.run(FutureTask.java:264)
	at java.base/java.util.concurrent.ThreadPoolExecutor.runWorker(ThreadPoolExecutor.java:1135)
	at java.base/java.util.concurrent.ThreadPoolExecutor$Worker.run(ThreadPoolExecutor.java:635)
	at java.base/java.lang.Thread.run(Thread.java:844)
FINER	thread=765	[DirectoryProductSource] Product does not have any  URLContent. Scraping directory for files.
WARNING	thread=765	[null] listener (null) threw exception, for product id=urn:usgs-product:us:testproduct:one:1534979076817
java.lang.NullPointerException
	at gov.usgs.earthquake.product.FileContent.getDirectoryContents(FileContent.java:183)
	at gov.usgs.earthquake.product.FileContent.getDirectoryContents(FileContent.java:160)
	at gov.usgs.earthquake.product.io.DirectoryProductSource.streamTo(DirectoryProductSource.java:91)
	at gov.usgs.earthquake.product.io.ObjectProductHandler.getProduct(ObjectProductHandler.java:172)
	at gov.usgs.earthquake.distribution.FileProductStorage.getProduct(FileProductStorage.java:465)
	at gov.usgs.earthquake.indexer.ExternalIndexerListener.storeProduct(ExternalIndexerListener.java:195)
	at gov.usgs.earthquake.indexer.ExternalIndexerListener.onIndexerEvent(ExternalIndexerListener.java:129)
	at gov.usgs.earthquake.indexer.IndexerListenerCallable.call(IndexerListenerCallable.java:37)
	at gov.usgs.earthquake.indexer.IndexerListenerCallable.call(IndexerListenerCallable.java:12)
	at gov.usgs.util.ExecutorTask.run(ExecutorTask.java:183)
	at java.base/java.util.concurrent.Executors$RunnableAdapter.call(Executors.java:514)
	at java.base/java.util.concurrent.FutureTask.run(FutureTask.java:264)
	at java.base/java.util.concurrent.ThreadPoolExecutor.runWorker(ThreadPoolExecutor.java:1135)
	at java.base/java.util.concurrent.ThreadPoolExecutor$Worker.run(ThreadPoolExecutor.java:635)
	at java.base/java.lang.Thread.run(Thread.java:844)
FINE	thread=765	Exception: null source=us, type=testproduct, code=one, updateTime=Wed Aug 22 17:04:36 MDT 2018
FINEST	thread=765	Tracker updates disabled, not sent
INFO	thread=765	Exception executing task
java.lang.NullPointerException
	at gov.usgs.earthquake.product.FileContent.getDirectoryContents(FileContent.java:183)
	at gov.usgs.earthquake.product.FileContent.getDirectoryContents(FileContent.java:160)
	at gov.usgs.earthquake.product.io.DirectoryProductSource.streamTo(DirectoryProductSource.java:91)
	at gov.usgs.earthquake.product.io.ObjectProductHandler.getProduct(ObjectProductHandler.java:172)
	at gov.usgs.earthquake.distribution.FileProductStorage.getProduct(FileProductStorage.java:465)
	at gov.usgs.earthquake.indexer.ExternalIndexerListener.storeProduct(ExternalIndexerListener.java:195)
	at gov.usgs.earthquake.indexer.ExternalIndexerListener.onIndexerEvent(ExternalIndexerListener.java:129)
	at gov.usgs.earthquake.indexer.IndexerListenerCallable.call(IndexerListenerCallable.java:37)
	at gov.usgs.earthquake.indexer.IndexerListenerCallable.call(IndexerListenerCallable.java:12)
	at gov.usgs.util.ExecutorTask.run(ExecutorTask.java:183)
	at java.base/java.util.concurrent.Executors$RunnableAdapter.call(Executors.java:514)
	at java.base/java.util.concurrent.FutureTask.run(FutureTask.java:264)
	at java.base/java.util.concurrent.ThreadPoolExecutor.runWorker(ThreadPoolExecutor.java:1135)
	at java.base/java.util.concurrent.ThreadPoolExecutor$Worker.run(ThreadPoolExecutor.java:635)
	at java.base/java.lang.Thread.run(Thread.java:844)
FINEST	thread=13	[null] storing product id=urn:usgs-product:ci:testproduct:uno:1534979076879
FINEST	thread=13	[null] acquiring write lock for product id=urn:usgs-product:ci:testproduct:uno:1534979076879
FINEST	thread=13	[null] acquired write lock for product id=urn:usgs-product:ci:testproduct:uno:1534979076879
FINEST	thread=13	[null] acquiring read lock for product id=urn:usgs-product:ci:testproduct:uno:1534979076879
FINEST	thread=13	[null] acquired read lock for product id=urn:usgs-product:ci:testproduct:uno:1534979076879
FINEST	thread=13	[null] releasing read lock for product id=urn:usgs-product:ci:testproduct:uno:1534979076879
FINEST	thread=13	[null] released read lock for product id=urn:usgs-product:ci:testproduct:uno:1534979076879
FINER	thread=13	[null] product stored id=urn:usgs-product:ci:testproduct:uno:1534979076879, status=UPDATE
FINEST	thread=13	[null] releasing write lock for product id=urn:usgs-product:ci:testproduct:uno:1534979076879
FINEST	thread=13	[null] released write lock for product id=urn:usgs-product:ci:testproduct:uno:1534979076879
FINEST	thread=13	[null] stored product id=urn:usgs-product:ci:testproduct:uno:1534979076879
FINER	thread=13	[null] summarizing product id=urn:usgs-product:ci:testproduct:uno:1534979076879
FINEST	thread=13	[null] beginning index transaction
FINER	thread=13	[null] finding previous version
FINEST	thread=13	[null] running query 
SELECT DISTINCT id FROM productSummary p WHERE p.id IS NOT NULL AND p.id = (SELECT id FROM productSummary ps WHERE ps.source='ci' AND ps.type='testproduct' AND ps.code='uno' AND ps.status <> 'DELETE' ORDER BY ps.updateTime DESC LIMIT 1) AND source='ci' AND type='testproduct' AND code='uno'
FINEST	thread=13	[null] query complete
FINER	thread=13	[null] finding previous event
FINEST	thread=13	Product Index Query
eventSearchType=SEARCH_EVENT_PRODUCTS
resultType=RESULT_TYPE_ALL
eventSource=ci
eventSourceCode=uno
FINEST	thread=13	Product Index Query
eventSearchType=SEARCH_EVENT_PREFERRED
resultType=RESULT_TYPE_ALL
minEventTime=Wed Aug 22 17:04:20 MDT 2018
maxEventTime=Wed Aug 22 17:04:52 MDT 2018
minEventLatitude=34.10007199424046075986183268469176255166530609130859375
maxEventLatitude=35.89992800575953924013816731530823744833469390869140625
minEventLongitude=-119.098609241146021986423875205218791961669921875
maxEventLongitude=-116.901390758853978013576124794781208038330078125
FINER	thread=13	[null] adding summary to index
FINEST	thread=13	[null] Added property eventsourcecode:uno for product 2
FINEST	thread=13	[null] Added property eventtime:2018-08-22T23:04:36.817Z for product 2
FINEST	thread=13	[null] Added property eventsource:ci for product 2
FINEST	thread=13	[null] Added property latitude:35 for product 2
FINEST	thread=13	[null] Added property longitude:-118 for product 2
FINEST	thread=13	[null] Added productSummary urn:usgs-product:ci:testproduct:uno:1534979076879, indexid=2 to product index
FINER	thread=13	[null] found existing event indexid=1
FINE	thread=13	Eventindexid=1, eventid=usone, latitude=35, longitude=-118, time=Wed Aug 22 17:04:36 MDT 2018, deleted=false
FINER	thread=13	Products in event
	status=UPDATE, id=urn:usgs-product:us:testproduct:one:1534979076817, eventid=usone, latitude=35, longitude=-118, time=Wed Aug 22 17:04:36 MDT 2018
FINER	thread=13	[null] Added associations event id=1, productSummary source=ci, type=testproduct, code=uno (id=2)
FINER	thread=13	[null] checking for event splits
FINEST	thread=13	Product Index Query
eventSearchType=SEARCH_EVENT_PREFERRED
resultType=RESULT_TYPE_ALL
minEventTime=Wed Aug 22 17:04:20 MDT 2018
maxEventTime=Wed Aug 22 17:04:52 MDT 2018
minEventLatitude=34.10007199424046075986183268469176255166530609130859375
maxEventLatitude=35.89992800575953924013816731530823744833469390869140625
minEventLongitude=-119.098609241146021986423875205218791961669921875
maxEventLongitude=-116.901390758853978013576124794781208038330078125
FINER	thread=13	[null] checking for event merges
FINEST	thread=13	Product Index Query
eventSearchType=SEARCH_EVENT_PREFERRED
resultType=RESULT_TYPE_ALL
minEventTime=Wed Aug 22 17:04:20 MDT 2018
maxEventTime=Wed Aug 22 17:04:52 MDT 2018
minEventLatitude=34.10007199424046075986183268469176255166530609130859375
maxEventLatitude=35.89992800575953924013816731530823744833469390869140625
minEventLongitude=-119.098609241146021986423875205218791961669921875
maxEventLongitude=-116.901390758853978013576124794781208038330078125
FINER	thread=13	[null] searching for nearby events
FINER	thread=13	[null] search for nearby events complete
FINER	thread=13	[null] searching for unassociated products
FINER	thread=13	[null] search for unassociated products complete
FINER	thread=13	[null] updating event summary parameters
FINER	thread=13	[null] Updating event indexid=1
FINE	thread=13	Eventindexid=1, eventid=ciuno, latitude=35, longitude=-118, time=Wed Aug 22 17:04:36 MDT 2018, deleted=false
FINER	thread=13	Products in event
	status=UPDATE, id=urn:usgs-product:us:testproduct:one:1534979076817, eventid=usone, latitude=35, longitude=-118, time=Wed Aug 22 17:04:36 MDT 2018
	status=UPDATE, id=urn:usgs-product:ci:testproduct:uno:1534979076879, eventid=ciuno, latitude=35, longitude=-118, time=Wed Aug 22 17:04:36 MDT 2018
FINEST	thread=13	[null] Updated event properties in Product Index
FINER	thread=13	[null] committing transaction
FINE	thread=13	[null] notifying listeners
INFO	thread=13	[null] indexed product id=urn:usgs-product:ci:testproduct:uno:1534979076879, status=UPDATE
EVENT_UPDATED usone => ciuno
FINEST	thread=767	[null] acquiring read lock for product id=urn:usgs-product:ci:testproduct:uno:1534979076879
FINEST	thread=765	[null] acquiring read lock for product id=urn:usgs-product:ci:testproduct:uno:1534979076879
FINEST	thread=767	[null] acquired read lock for product id=urn:usgs-product:ci:testproduct:uno:1534979076879
FINEST	thread=765	[null] acquired read lock for product id=urn:usgs-product:ci:testproduct:uno:1534979076879
FINEST	thread=765	[null] releasing read lock for product id=urn:usgs-product:ci:testproduct:uno:1534979076879
FINEST	thread=767	[null] releasing read lock for product id=urn:usgs-product:ci:testproduct:uno:1534979076879
FINEST	thread=765	[null] released read lock for product id=urn:usgs-product:ci:testproduct:uno:1534979076879
FINEST	thread=767	[null] released read lock for product id=urn:usgs-product:ci:testproduct:uno:1534979076879
FINER	thread=767	[DirectoryProductSource] Product does not have any  URLContent. Scraping directory for files.
FINER	thread=765	[DirectoryProductSource] Product does not have any  URLContent. Scraping directory for files.
FINEST	thread=765	[null] acquiring write lock for product id=urn:usgs-product:ci:testproduct:uno:1534979076879
FINEST	thread=767	[null] acquiring write lock for product id=urn:usgs-product:ci:testproduct:uno:1534979076879
FINEST	thread=765	[null] acquired write lock for product id=urn:usgs-product:ci:testproduct:uno:1534979076879
FINEST	thread=767	[null] acquired write lock for product id=urn:usgs-product:ci:testproduct:uno:1534979076879
FINEST	thread=765	[null] acquiring read lock for product id=urn:usgs-product:ci:testproduct:uno:1534979076879
FINEST	thread=767	[null] acquiring read lock for product id=urn:usgs-product:ci:testproduct:uno:1534979076879
FINEST	thread=765	[null] acquired read lock for product id=urn:usgs-product:ci:testproduct:uno:1534979076879
FINEST	thread=767	[null] acquired read lock for product id=urn:usgs-product:ci:testproduct:uno:1534979076879
FINEST	thread=767	[null] releasing read lock for product id=urn:usgs-product:ci:testproduct:uno:1534979076879
FINEST	thread=767	[null] released read lock for product id=urn:usgs-product:ci:testproduct:uno:1534979076879
FINEST	thread=765	[null] releasing read lock for product id=urn:usgs-product:ci:testproduct:uno:1534979076879
FINEST	thread=765	[null] released read lock for product id=urn:usgs-product:ci:testproduct:uno:1534979076879
WARNING	thread=767	[null] exception while storing product, removing incomplete product
java.io.IOException: Unable to create directory /Users/jmfee/Documents/git/pdl/_test_storage_/testproduct/uno/ci/1534979076879
	at gov.usgs.util.StreamUtils.getOutputStream(StreamUtils.java:154)
	at gov.usgs.util.StreamUtils.getOutputStream(StreamUtils.java:185)
	at gov.usgs.earthquake.product.io.DirectoryProductHandler.onEndProduct(DirectoryProductHandler.java:68)
	at gov.usgs.earthquake.product.io.FilterProductHandler.onEndProduct(FilterProductHandler.java:71)
	at gov.usgs.earthquake.distribution.FileProductStorage$StorageProductOutput.onEndProduct(FileProductStorage.java:855)
	at gov.usgs.earthquake.product.io.ObjectProductSource.sendEndProduct(ObjectProductSource.java:166)
	at gov.usgs.earthquake.product.io.ObjectProductSource.streamTo(ObjectProductSource.java:62)
	at gov.usgs.earthquake.distribution.FileProductStorage.storeProductSource(FileProductStorage.java:693)
	at gov.usgs.earthquake.distribution.FileProductStorage.storeProduct(FileProductStorage.java:675)
	at gov.usgs.earthquake.indexer.ExternalIndexerListener.storeProduct(ExternalIndexerListener.java:194)
	at gov.usgs.earthquake.indexer.ExternalIndexerListener.onIndexerEvent(ExternalIndexerListener.java:129)
	at gov.usgs.earthquake.indexer.IndexerListenerCallable.call(IndexerListenerCallable.java:37)
	at gov.usgs.earthquake.indexer.IndexerListenerCallable.call(IndexerListenerCallable.java:12)
	at gov.usgs.util.ExecutorTask.run(ExecutorTask.java:183)
	at java.base/java.util.concurrent.Executors$RunnableAdapter.call(Executors.java:514)
	at java.base/java.util.concurrent.FutureTask.run(FutureTask.java:264)
	at java.base/java.util.concurrent.ThreadPoolExecutor.runWorker(ThreadPoolExecutor.java:1135)
	at java.base/java.util.concurrent.ThreadPoolExecutor$Worker.run(ThreadPoolExecutor.java:635)
	at java.base/java.lang.Thread.run(Thread.java:844)
FINER	thread=765	[null] product stored id=urn:usgs-product:ci:testproduct:uno:1534979076879, status=UPDATE
FINEST	thread=767	[null] acquiring write lock for product id=urn:usgs-product:ci:testproduct:uno:1534979076879
FINEST	thread=765	[null] releasing write lock for product id=urn:usgs-product:ci:testproduct:uno:1534979076879
FINEST	thread=767	[null] acquired write lock for product id=urn:usgs-product:ci:testproduct:uno:1534979076879
FINEST	thread=765	[null] released write lock for product id=urn:usgs-product:ci:testproduct:uno:1534979076879
FINEST	thread=765	[null] acquiring read lock for product id=urn:usgs-product:ci:testproduct:uno:1534979076879
FINEST	thread=765	[null] acquired read lock for product id=urn:usgs-product:ci:testproduct:uno:1534979076879
FINEST	thread=765	[null] releasing read lock for product id=urn:usgs-product:ci:testproduct:uno:1534979076879
FINEST	thread=765	[null] released read lock for product id=urn:usgs-product:ci:testproduct:uno:1534979076879
FINER	thread=767	[null] product removed, id=urn:usgs-product:ci:testproduct:uno:1534979076879
FINEST	thread=767	[null] releasing write lock for product id=urn:usgs-product:ci:testproduct:uno:1534979076879
FINEST	thread=767	[null] released write lock for product id=urn:usgs-product:ci:testproduct:uno:1534979076879
FINEST	thread=767	[null] releasing write lock for product id=urn:usgs-product:ci:testproduct:uno:1534979076879
FINEST	thread=767	[null] released write lock for product id=urn:usgs-product:ci:testproduct:uno:1534979076879
WARNING	thread=767	[null] listener (null) threw exception, for product id=urn:usgs-product:ci:testproduct:uno:1534979076879
java.io.IOException: Unable to create directory /Users/jmfee/Documents/git/pdl/_test_storage_/testproduct/uno/ci/1534979076879
	at gov.usgs.util.StreamUtils.getOutputStream(StreamUtils.java:154)
	at gov.usgs.util.StreamUtils.getOutputStream(StreamUtils.java:185)
	at gov.usgs.earthquake.product.io.DirectoryProductHandler.onEndProduct(DirectoryProductHandler.java:68)
	at gov.usgs.earthquake.product.io.FilterProductHandler.onEndProduct(FilterProductHandler.java:71)
	at gov.usgs.earthquake.distribution.FileProductStorage$StorageProductOutput.onEndProduct(FileProductStorage.java:855)
	at gov.usgs.earthquake.product.io.ObjectProductSource.sendEndProduct(ObjectProductSource.java:166)
	at gov.usgs.earthquake.product.io.ObjectProductSource.streamTo(ObjectProductSource.java:62)
	at gov.usgs.earthquake.distribution.FileProductStorage.storeProductSource(FileProductStorage.java:693)
	at gov.usgs.earthquake.distribution.FileProductStorage.storeProduct(FileProductStorage.java:675)
	at gov.usgs.earthquake.indexer.ExternalIndexerListener.storeProduct(ExternalIndexerListener.java:194)
	at gov.usgs.earthquake.indexer.ExternalIndexerListener.onIndexerEvent(ExternalIndexerListener.java:129)
	at gov.usgs.earthquake.indexer.IndexerListenerCallable.call(IndexerListenerCallable.java:37)
	at gov.usgs.earthquake.indexer.IndexerListenerCallable.call(IndexerListenerCallable.java:12)
	at gov.usgs.util.ExecutorTask.run(ExecutorTask.java:183)
	at java.base/java.util.concurrent.Executors$RunnableAdapter.call(Executors.java:514)
	at java.base/java.util.concurrent.FutureTask.run(FutureTask.java:264)
	at java.base/java.util.concurrent.ThreadPoolExecutor.runWorker(ThreadPoolExecutor.java:1135)
	at java.base/java.util.concurrent.ThreadPoolExecutor$Worker.run(ThreadPoolExecutor.java:635)
	at java.base/java.lang.Thread.run(Thread.java:844)
FINE	thread=767	Exception: Unable to create directory /Users/jmfee/Documents/git/pdl/_test_storage_/testproduct/uno/ci/1534979076879 source=ci, type=testproduct, code=uno, updateTime=Wed Aug 22 17:04:36 MDT 2018
FINEST	thread=767	Tracker updates disabled, not sent
INFO	thread=767	Exception executing task
java.io.IOException: Unable to create directory /Users/jmfee/Documents/git/pdl/_test_storage_/testproduct/uno/ci/1534979076879
	at gov.usgs.util.StreamUtils.getOutputStream(StreamUtils.java:154)
	at gov.usgs.util.StreamUtils.getOutputStream(StreamUtils.java:185)
	at gov.usgs.earthquake.product.io.DirectoryProductHandler.onEndProduct(DirectoryProductHandler.java:68)
	at gov.usgs.earthquake.product.io.FilterProductHandler.onEndProduct(FilterProductHandler.java:71)
	at gov.usgs.earthquake.distribution.FileProductStorage$StorageProductOutput.onEndProduct(FileProductStorage.java:855)
	at gov.usgs.earthquake.product.io.ObjectProductSource.sendEndProduct(ObjectProductSource.java:166)
	at gov.usgs.earthquake.product.io.ObjectProductSource.streamTo(ObjectProductSource.java:62)
	at gov.usgs.earthquake.distribution.FileProductStorage.storeProductSource(FileProductStorage.java:693)
	at gov.usgs.earthquake.distribution.FileProductStorage.storeProduct(FileProductStorage.java:675)
	at gov.usgs.earthquake.indexer.ExternalIndexerListener.storeProduct(ExternalIndexerListener.java:194)
	at gov.usgs.earthquake.indexer.ExternalIndexerListener.onIndexerEvent(ExternalIndexerListener.java:129)
	at gov.usgs.earthquake.indexer.IndexerListenerCallable.call(IndexerListenerCallable.java:37)
	at gov.usgs.earthquake.indexer.IndexerListenerCallable.call(IndexerListenerCallable.java:12)
	at gov.usgs.util.ExecutorTask.run(ExecutorTask.java:183)
	at java.base/java.util.concurrent.Executors$RunnableAdapter.call(Executors.java:514)
	at java.base/java.util.concurrent.FutureTask.run(FutureTask.java:264)
	at java.base/java.util.concurrent.ThreadPoolExecutor.runWorker(ThreadPoolExecutor.java:1135)
	at java.base/java.util.concurrent.ThreadPoolExecutor$Worker.run(ThreadPoolExecutor.java:635)
	at java.base/java.lang.Thread.run(Thread.java:844)
FINER	thread=765	[DirectoryProductSource] Product does not have any  URLContent. Scraping directory for files.
WARNING	thread=765	[null] listener (null) threw exception, for product id=urn:usgs-product:ci:testproduct:uno:1534979076879
java.lang.NullPointerException
	at gov.usgs.earthquake.product.FileContent.getDirectoryContents(FileContent.java:183)
	at gov.usgs.earthquake.product.FileContent.getDirectoryContents(FileContent.java:160)
	at gov.usgs.earthquake.product.io.DirectoryProductSource.streamTo(DirectoryProductSource.java:91)
	at gov.usgs.earthquake.product.io.ObjectProductHandler.getProduct(ObjectProductHandler.java:172)
	at gov.usgs.earthquake.distribution.FileProductStorage.getProduct(FileProductStorage.java:465)
	at gov.usgs.earthquake.indexer.ExternalIndexerListener.storeProduct(ExternalIndexerListener.java:195)
	at gov.usgs.earthquake.indexer.ExternalIndexerListener.onIndexerEvent(ExternalIndexerListener.java:129)
	at gov.usgs.earthquake.indexer.IndexerListenerCallable.call(IndexerListenerCallable.java:37)
	at gov.usgs.earthquake.indexer.IndexerListenerCallable.call(IndexerListenerCallable.java:12)
	at gov.usgs.util.ExecutorTask.run(ExecutorTask.java:183)
	at java.base/java.util.concurrent.Executors$RunnableAdapter.call(Executors.java:514)
	at java.base/java.util.concurrent.FutureTask.run(FutureTask.java:264)
	at java.base/java.util.concurrent.ThreadPoolExecutor.runWorker(ThreadPoolExecutor.java:1135)
	at java.base/java.util.concurrent.ThreadPoolExecutor$Worker.run(ThreadPoolExecutor.java:635)
	at java.base/java.lang.Thread.run(Thread.java:844)
FINE	thread=765	Exception: null source=ci, type=testproduct, code=uno, updateTime=Wed Aug 22 17:04:36 MDT 2018
FINEST	thread=765	Tracker updates disabled, not sent
INFO	thread=765	Exception executing task
java.lang.NullPointerException
	at gov.usgs.earthquake.product.FileContent.getDirectoryContents(FileContent.java:183)
	at gov.usgs.earthquake.product.FileContent.getDirectoryContents(FileContent.java:160)
	at gov.usgs.earthquake.product.io.DirectoryProductSource.streamTo(DirectoryProductSource.java:91)
	at gov.usgs.earthquake.product.io.ObjectProductHandler.getProduct(ObjectProductHandler.java:172)
	at gov.usgs.earthquake.distribution.FileProductStorage.getProduct(FileProductStorage.java:465)
	at gov.usgs.earthquake.indexer.ExternalIndexerListener.storeProduct(ExternalIndexerListener.java:195)
	at gov.usgs.earthquake.indexer.ExternalIndexerListener.onIndexerEvent(ExternalIndexerListener.java:129)
	at gov.usgs.earthquake.indexer.IndexerListenerCallable.call(IndexerListenerCallable.java:37)
	at gov.usgs.earthquake.indexer.IndexerListenerCallable.call(IndexerListenerCallable.java:12)
	at gov.usgs.util.ExecutorTask.run(ExecutorTask.java:183)
	at java.base/java.util.concurrent.Executors$RunnableAdapter.call(Executors.java:514)
	at java.base/java.util.concurrent.FutureTask.run(FutureTask.java:264)
	at java.base/java.util.concurrent.ThreadPoolExecutor.runWorker(ThreadPoolExecutor.java:1135)
	at java.base/java.util.concurrent.ThreadPoolExecutor$Worker.run(ThreadPoolExecutor.java:635)
	at java.base/java.lang.Thread.run(Thread.java:844)
FINEST	thread=13	[null] storing product id=urn:usgs-product:admin:trump-testproduct:us-testproduct-one:1534979076947
FINEST	thread=13	[null] acquiring write lock for product id=urn:usgs-product:admin:trump-testproduct:us-testproduct-one:1534979076947
FINEST	thread=13	[null] acquired write lock for product id=urn:usgs-product:admin:trump-testproduct:us-testproduct-one:1534979076947
FINEST	thread=13	[null] acquiring read lock for product id=urn:usgs-product:admin:trump-testproduct:us-testproduct-one:1534979076947
FINEST	thread=13	[null] acquired read lock for product id=urn:usgs-product:admin:trump-testproduct:us-testproduct-one:1534979076947
FINEST	thread=13	[null] releasing read lock for product id=urn:usgs-product:admin:trump-testproduct:us-testproduct-one:1534979076947
FINEST	thread=13	[null] released read lock for product id=urn:usgs-product:admin:trump-testproduct:us-testproduct-one:1534979076947
FINER	thread=13	[null] product stored id=urn:usgs-product:admin:trump-testproduct:us-testproduct-one:1534979076947, status=UPDATE
FINEST	thread=13	[null] releasing write lock for product id=urn:usgs-product:admin:trump-testproduct:us-testproduct-one:1534979076947
FINEST	thread=13	[null] released write lock for product id=urn:usgs-product:admin:trump-testproduct:us-testproduct-one:1534979076947
FINEST	thread=13	[null] stored product id=urn:usgs-product:admin:trump-testproduct:us-testproduct-one:1534979076947
FINER	thread=13	[null] summarizing product id=urn:usgs-product:admin:trump-testproduct:us-testproduct-one:1534979076947
FINEST	thread=13	[null] beginning index transaction
FINER	thread=13	[null] finding previous version
FINEST	thread=13	[null] running query 
SELECT DISTINCT id FROM productSummary p WHERE p.id IS NOT NULL AND p.id = (SELECT id FROM productSummary ps WHERE ps.source='admin' AND ps.type='trump-testproduct' AND ps.code='us-testproduct-one' AND ps.status <> 'DELETE' ORDER BY ps.updateTime DESC LIMIT 1) AND source='admin' AND type='trump-testproduct' AND code='us-testproduct-one'
FINEST	thread=13	[null] query complete
FINER	thread=13	[null] finding previous event
FINEST	thread=13	Product Index Query
eventSearchType=SEARCH_EVENT_PRODUCTS
resultType=RESULT_TYPE_ALL
eventSource=us
eventSourceCode=one
FINER	thread=13	[null] adding summary to index
FINEST	thread=13	[null] Added property trump-source:us for product 3
FINEST	thread=13	[null] Added property trump-code:one for product 3
FINEST	thread=13	[null] Added property eventsourcecode:one for product 3
FINEST	thread=13	[null] Added property eventsource:us for product 3
FINEST	thread=13	[null] Added productSummary urn:usgs-product:admin:trump-testproduct:us-testproduct-one:1534979076947, indexid=3 to product index
FINER	thread=13	[null] found existing event indexid=1
FINE	thread=13	Eventindexid=1, eventid=ciuno, latitude=35, longitude=-118, time=Wed Aug 22 17:04:36 MDT 2018, deleted=false
FINER	thread=13	Products in event
	status=UPDATE, id=urn:usgs-product:us:testproduct:one:1534979076817, eventid=usone, latitude=35, longitude=-118, time=Wed Aug 22 17:04:36 MDT 2018
	status=UPDATE, id=urn:usgs-product:ci:testproduct:uno:1534979076879, eventid=ciuno, latitude=35, longitude=-118, time=Wed Aug 22 17:04:36 MDT 2018
FINER	thread=13	[null] Added associations event id=1, productSummary source=admin, type=trump-testproduct, code=us-testproduct-one (id=3)
FINER	thread=13	[null] checking for event splits
FINEST	thread=13	Product Index Query
eventSearchType=SEARCH_EVENT_PREFERRED
resultType=RESULT_TYPE_ALL
minEventTime=Wed Aug 22 17:04:20 MDT 2018
maxEventTime=Wed Aug 22 17:04:52 MDT 2018
minEventLatitude=34.10007199424046075986183268469176255166530609130859375
maxEventLatitude=35.89992800575953924013816731530823744833469390869140625
minEventLongitude=-119.098609241146021986423875205218791961669921875
maxEventLongitude=-116.901390758853978013576124794781208038330078125
FINER	thread=13	[null] checking for event merges
FINEST	thread=13	Product Index Query
eventSearchType=SEARCH_EVENT_PREFERRED
resultType=RESULT_TYPE_ALL
minEventTime=Wed Aug 22 17:04:20 MDT 2018
maxEventTime=Wed Aug 22 17:04:52 MDT 2018
minEventLatitude=34.10007199424046075986183268469176255166530609130859375
maxEventLatitude=35.89992800575953924013816731530823744833469390869140625
minEventLongitude=-119.098609241146021986423875205218791961669921875
maxEventLongitude=-116.901390758853978013576124794781208038330078125
FINER	thread=13	[null] searching for nearby events
FINER	thread=13	[null] search for nearby events complete
FINER	thread=13	[null] searching for unassociated products
FINER	thread=13	[null] search for unassociated products complete
INFO	thread=13	Setting product preferred weight urn:usgs-product:us:testproduct:one:1534979076817, weight 6 (old) => 100000000 (new)
FINER	thread=13	[null] Removed associations event id=1, productSummary source=us, type=testproduct, code=one (id=1)
FINEST	thread=13	[null] Removed productSummary id=1
FINEST	thread=13	[null] Added property latitude:35 for product 4
FINEST	thread=13	[null] Added property eventsourcecode:one for product 4
FINEST	thread=13	[null] Added property eventtime:2018-08-22T23:04:36.817Z for product 4
FINEST	thread=13	[null] Added property eventsource:us for product 4
FINEST	thread=13	[null] Added property longitude:-118 for product 4
FINEST	thread=13	[null] Added productSummary urn:usgs-product:us:testproduct:one:1534979076817, indexid=4 to product index
FINER	thread=13	[null] Added associations event id=1, productSummary source=us, type=testproduct, code=one (id=4)
FINER	thread=13	[null] updating event summary parameters
FINER	thread=13	[null] Updating event indexid=1
FINE	thread=13	Eventindexid=1, eventid=usone, latitude=35, longitude=-118, time=Wed Aug 22 17:04:36 MDT 2018, deleted=false
FINER	thread=13	Products in event
	status=UPDATE, id=urn:usgs-product:ci:testproduct:uno:1534979076879, eventid=ciuno, latitude=35, longitude=-118, time=Wed Aug 22 17:04:36 MDT 2018
	status=UPDATE, id=urn:usgs-product:us:testproduct:one:1534979076817, eventid=usone, latitude=35, longitude=-118, time=Wed Aug 22 17:04:36 MDT 2018
	status=UPDATE, id=urn:usgs-product:admin:trump-testproduct:us-testproduct-one:1534979076947, eventid=usone, latitude=null, longitude=null, time=null
FINEST	thread=13	[null] Updated event properties in Product Index
FINER	thread=13	[null] committing transaction
FINE	thread=13	[null] notifying listeners
INFO	thread=13	[null] indexed product id=urn:usgs-product:admin:trump-testproduct:us-testproduct-one:1534979076947, status=UPDATE
EVENT_UPDATED usone => usone
FINEST	thread=767	[null] acquiring read lock for product id=urn:usgs-product:admin:trump-testproduct:us-testproduct-one:1534979076947
FINEST	thread=765	[null] acquiring read lock for product id=urn:usgs-product:admin:trump-testproduct:us-testproduct-one:1534979076947
FINEST	thread=767	[null] acquired read lock for product id=urn:usgs-product:admin:trump-testproduct:us-testproduct-one:1534979076947
FINEST	thread=765	[null] acquired read lock for product id=urn:usgs-product:admin:trump-testproduct:us-testproduct-one:1534979076947
FINEST	thread=765	[null] releasing read lock for product id=urn:usgs-product:admin:trump-testproduct:us-testproduct-one:1534979076947
FINEST	thread=767	[null] releasing read lock for product id=urn:usgs-product:admin:trump-testproduct:us-testproduct-one:1534979076947
FINEST	thread=765	[null] released read lock for product id=urn:usgs-product:admin:trump-testproduct:us-testproduct-one:1534979076947
FINEST	thread=767	[null] released read lock for product id=urn:usgs-product:admin:trump-testproduct:us-testproduct-one:1534979076947
FINER	thread=767	[DirectoryProductSource] Product does not have any  URLContent. Scraping directory for files.
FINER	thread=765	[DirectoryProductSource] Product does not have any  URLContent. Scraping directory for files.
FINEST	thread=765	[null] acquiring write lock for product id=urn:usgs-product:admin:trump-testproduct:us-testproduct-one:1534979076947
FINEST	thread=767	[null] acquiring write lock for product id=urn:usgs-product:admin:trump-testproduct:us-testproduct-one:1534979076947
FINEST	thread=765	[null] acquired write lock for product id=urn:usgs-product:admin:trump-testproduct:us-testproduct-one:1534979076947
FINEST	thread=767	[null] acquired write lock for product id=urn:usgs-product:admin:trump-testproduct:us-testproduct-one:1534979076947
FINEST	thread=765	[null] acquiring read lock for product id=urn:usgs-product:admin:trump-testproduct:us-testproduct-one:1534979076947
FINEST	thread=767	[null] acquiring read lock for product id=urn:usgs-product:admin:trump-testproduct:us-testproduct-one:1534979076947
FINEST	thread=765	[null] acquired read lock for product id=urn:usgs-product:admin:trump-testproduct:us-testproduct-one:1534979076947
FINEST	thread=767	[null] acquired read lock for product id=urn:usgs-product:admin:trump-testproduct:us-testproduct-one:1534979076947
FINEST	thread=765	[null] releasing read lock for product id=urn:usgs-product:admin:trump-testproduct:us-testproduct-one:1534979076947
FINEST	thread=767	[null] releasing read lock for product id=urn:usgs-product:admin:trump-testproduct:us-testproduct-one:1534979076947
FINEST	thread=765	[null] released read lock for product id=urn:usgs-product:admin:trump-testproduct:us-testproduct-one:1534979076947
FINEST	thread=767	[null] released read lock for product id=urn:usgs-product:admin:trump-testproduct:us-testproduct-one:1534979076947
WARNING	thread=767	[null] exception while storing product, removing incomplete product
java.io.IOException: Unable to create directory /Users/jmfee/Documents/git/pdl/_test_storage_/trump-testproduct/us-testproduct-one/admin/1534979076947
	at gov.usgs.util.StreamUtils.getOutputStream(StreamUtils.java:154)
	at gov.usgs.util.StreamUtils.getOutputStream(StreamUtils.java:185)
	at gov.usgs.earthquake.product.io.DirectoryProductHandler.onEndProduct(DirectoryProductHandler.java:68)
	at gov.usgs.earthquake.product.io.FilterProductHandler.onEndProduct(FilterProductHandler.java:71)
	at gov.usgs.earthquake.distribution.FileProductStorage$StorageProductOutput.onEndProduct(FileProductStorage.java:855)
	at gov.usgs.earthquake.product.io.ObjectProductSource.sendEndProduct(ObjectProductSource.java:166)
	at gov.usgs.earthquake.product.io.ObjectProductSource.streamTo(ObjectProductSource.java:62)
	at gov.usgs.earthquake.distribution.FileProductStorage.storeProductSource(FileProductStorage.java:693)
	at gov.usgs.earthquake.distribution.FileProductStorage.storeProduct(FileProductStorage.java:675)
	at gov.usgs.earthquake.indexer.ExternalIndexerListener.storeProduct(ExternalIndexerListener.java:194)
	at gov.usgs.earthquake.indexer.ExternalIndexerListener.onIndexerEvent(ExternalIndexerListener.java:129)
	at gov.usgs.earthquake.indexer.IndexerListenerCallable.call(IndexerListenerCallable.java:37)
	at gov.usgs.earthquake.indexer.IndexerListenerCallable.call(IndexerListenerCallable.java:12)
	at gov.usgs.util.ExecutorTask.run(ExecutorTask.java:183)
	at java.base/java.util.concurrent.Executors$RunnableAdapter.call(Executors.java:514)
	at java.base/java.util.concurrent.FutureTask.run(FutureTask.java:264)
	at java.base/java.util.concurrent.ThreadPoolExecutor.runWorker(ThreadPoolExecutor.java:1135)
	at java.base/java.util.concurrent.ThreadPoolExecutor$Worker.run(ThreadPoolExecutor.java:635)
	at java.base/java.lang.Thread.run(Thread.java:844)
FINEST	thread=767	[null] acquiring write lock for product id=urn:usgs-product:admin:trump-testproduct:us-testproduct-one:1534979076947
FINER	thread=765	[null] product stored id=urn:usgs-product:admin:trump-testproduct:us-testproduct-one:1534979076947, status=UPDATE
FINEST	thread=767	[null] acquired write lock for product id=urn:usgs-product:admin:trump-testproduct:us-testproduct-one:1534979076947
FINEST	thread=765	[null] releasing write lock for product id=urn:usgs-product:admin:trump-testproduct:us-testproduct-one:1534979076947
FINEST	thread=765	[null] released write lock for product id=urn:usgs-product:admin:trump-testproduct:us-testproduct-one:1534979076947
FINEST	thread=765	[null] acquiring read lock for product id=urn:usgs-product:admin:trump-testproduct:us-testproduct-one:1534979076947
FINEST	thread=765	[null] acquired read lock for product id=urn:usgs-product:admin:trump-testproduct:us-testproduct-one:1534979076947
FINEST	thread=765	[null] releasing read lock for product id=urn:usgs-product:admin:trump-testproduct:us-testproduct-one:1534979076947
FINEST	thread=765	[null] released read lock for product id=urn:usgs-product:admin:trump-testproduct:us-testproduct-one:1534979076947
FINER	thread=767	[null] product removed, id=urn:usgs-product:admin:trump-testproduct:us-testproduct-one:1534979076947
FINEST	thread=767	[null] releasing write lock for product id=urn:usgs-product:admin:trump-testproduct:us-testproduct-one:1534979076947
FINEST	thread=767	[null] released write lock for product id=urn:usgs-product:admin:trump-testproduct:us-testproduct-one:1534979076947
FINEST	thread=767	[null] releasing write lock for product id=urn:usgs-product:admin:trump-testproduct:us-testproduct-one:1534979076947
FINEST	thread=767	[null] released write lock for product id=urn:usgs-product:admin:trump-testproduct:us-testproduct-one:1534979076947
WARNING	thread=767	[null] listener (null) threw exception, for product id=urn:usgs-product:admin:trump-testproduct:us-testproduct-one:1534979076947
java.io.IOException: Unable to create directory /Users/jmfee/Documents/git/pdl/_test_storage_/trump-testproduct/us-testproduct-one/admin/1534979076947
	at gov.usgs.util.StreamUtils.getOutputStream(StreamUtils.java:154)
	at gov.usgs.util.StreamUtils.getOutputStream(StreamUtils.java:185)
	at gov.usgs.earthquake.product.io.DirectoryProductHandler.onEndProduct(DirectoryProductHandler.java:68)
	at gov.usgs.earthquake.product.io.FilterProductHandler.onEndProduct(FilterProductHandler.java:71)
	at gov.usgs.earthquake.distribution.FileProductStorage$StorageProductOutput.onEndProduct(FileProductStorage.java:855)
	at gov.usgs.earthquake.product.io.ObjectProductSource.sendEndProduct(ObjectProductSource.java:166)
	at gov.usgs.earthquake.product.io.ObjectProductSource.streamTo(ObjectProductSource.java:62)
	at gov.usgs.earthquake.distribution.FileProductStorage.storeProductSource(FileProductStorage.java:693)
	at gov.usgs.earthquake.distribution.FileProductStorage.storeProduct(FileProductStorage.java:675)
	at gov.usgs.earthquake.indexer.ExternalIndexerListener.storeProduct(ExternalIndexerListener.java:194)
	at gov.usgs.earthquake.indexer.ExternalIndexerListener.onIndexerEvent(ExternalIndexerListener.java:129)
	at gov.usgs.earthquake.indexer.IndexerListenerCallable.call(IndexerListenerCallable.java:37)
	at gov.usgs.earthquake.indexer.IndexerListenerCallable.call(IndexerListenerCallable.java:12)
	at gov.usgs.util.ExecutorTask.run(ExecutorTask.java:183)
	at java.base/java.util.concurrent.Executors$RunnableAdapter.call(Executors.java:514)
	at java.base/java.util.concurrent.FutureTask.run(FutureTask.java:264)
	at java.base/java.util.concurrent.ThreadPoolExecutor.runWorker(ThreadPoolExecutor.java:1135)
	at java.base/java.util.concurrent.ThreadPoolExecutor$Worker.run(ThreadPoolExecutor.java:635)
	at java.base/java.lang.Thread.run(Thread.java:844)
FINE	thread=767	Exception: Unable to create directory /Users/jmfee/Documents/git/pdl/_test_storage_/trump-testproduct/us-testproduct-one/admin/1534979076947 source=admin, type=trump-testproduct, code=us-testproduct-one, updateTime=Wed Aug 22 17:04:36 MDT 2018
FINEST	thread=767	Tracker updates disabled, not sent
INFO	thread=767	Exception executing task
java.io.IOException: Unable to create directory /Users/jmfee/Documents/git/pdl/_test_storage_/trump-testproduct/us-testproduct-one/admin/1534979076947
	at gov.usgs.util.StreamUtils.getOutputStream(StreamUtils.java:154)
	at gov.usgs.util.StreamUtils.getOutputStream(StreamUtils.java:185)
	at gov.usgs.earthquake.product.io.DirectoryProductHandler.onEndProduct(DirectoryProductHandler.java:68)
	at gov.usgs.earthquake.product.io.FilterProductHandler.onEndProduct(FilterProductHandler.java:71)
	at gov.usgs.earthquake.distribution.FileProductStorage$StorageProductOutput.onEndProduct(FileProductStorage.java:855)
	at gov.usgs.earthquake.product.io.ObjectProductSource.sendEndProduct(ObjectProductSource.java:166)
	at gov.usgs.earthquake.product.io.ObjectProductSource.streamTo(ObjectProductSource.java:62)
	at gov.usgs.earthquake.distribution.FileProductStorage.storeProductSource(FileProductStorage.java:693)
	at gov.usgs.earthquake.distribution.FileProductStorage.storeProduct(FileProductStorage.java:675)
	at gov.usgs.earthquake.indexer.ExternalIndexerListener.storeProduct(ExternalIndexerListener.java:194)
	at gov.usgs.earthquake.indexer.ExternalIndexerListener.onIndexerEvent(ExternalIndexerListener.java:129)
	at gov.usgs.earthquake.indexer.IndexerListenerCallable.call(IndexerListenerCallable.java:37)
	at gov.usgs.earthquake.indexer.IndexerListenerCallable.call(IndexerListenerCallable.java:12)
	at gov.usgs.util.ExecutorTask.run(ExecutorTask.java:183)
	at java.base/java.util.concurrent.Executors$RunnableAdapter.call(Executors.java:514)
	at java.base/java.util.concurrent.FutureTask.run(FutureTask.java:264)
	at java.base/java.util.concurrent.ThreadPoolExecutor.runWorker(ThreadPoolExecutor.java:1135)
	at java.base/java.util.concurrent.ThreadPoolExecutor$Worker.run(ThreadPoolExecutor.java:635)
	at java.base/java.lang.Thread.run(Thread.java:844)
FINER	thread=765	[DirectoryProductSource] Product does not have any  URLContent. Scraping directory for files.
WARNING	thread=765	[null] listener (null) threw exception, for product id=urn:usgs-product:admin:trump-testproduct:us-testproduct-one:1534979076947
java.lang.NullPointerException
	at gov.usgs.earthquake.product.FileContent.getDirectoryContents(FileContent.java:183)
	at gov.usgs.earthquake.product.FileContent.getDirectoryContents(FileContent.java:160)
	at gov.usgs.earthquake.product.io.DirectoryProductSource.streamTo(DirectoryProductSource.java:91)
	at gov.usgs.earthquake.product.io.ObjectProductHandler.getProduct(ObjectProductHandler.java:172)
	at gov.usgs.earthquake.distribution.FileProductStorage.getProduct(FileProductStorage.java:465)
	at gov.usgs.earthquake.indexer.ExternalIndexerListener.storeProduct(ExternalIndexerListener.java:195)
	at gov.usgs.earthquake.indexer.ExternalIndexerListener.onIndexerEvent(ExternalIndexerListener.java:129)
	at gov.usgs.earthquake.indexer.IndexerListenerCallable.call(IndexerListenerCallable.java:37)
	at gov.usgs.earthquake.indexer.IndexerListenerCallable.call(IndexerListenerCallable.java:12)
	at gov.usgs.util.ExecutorTask.run(ExecutorTask.java:183)
	at java.base/java.util.concurrent.Executors$RunnableAdapter.call(Executors.java:514)
	at java.base/java.util.concurrent.FutureTask.run(FutureTask.java:264)
	at java.base/java.util.concurrent.ThreadPoolExecutor.runWorker(ThreadPoolExecutor.java:1135)
	at java.base/java.util.concurrent.ThreadPoolExecutor$Worker.run(ThreadPoolExecutor.java:635)
	at java.base/java.lang.Thread.run(Thread.java:844)
FINE	thread=765	Exception: null source=admin, type=trump-testproduct, code=us-testproduct-one, updateTime=Wed Aug 22 17:04:36 MDT 2018
FINEST	thread=765	Tracker updates disabled, not sent
INFO	thread=765	Exception executing task
java.lang.NullPointerException
	at gov.usgs.earthquake.product.FileContent.getDirectoryContents(FileContent.java:183)
	at gov.usgs.earthquake.product.FileContent.getDirectoryContents(FileContent.java:160)
	at gov.usgs.earthquake.product.io.DirectoryProductSource.streamTo(DirectoryProductSource.java:91)
	at gov.usgs.earthquake.product.io.ObjectProductHandler.getProduct(ObjectProductHandler.java:172)
	at gov.usgs.earthquake.distribution.FileProductStorage.getProduct(FileProductStorage.java:465)
	at gov.usgs.earthquake.indexer.ExternalIndexerListener.storeProduct(ExternalIndexerListener.java:195)
	at gov.usgs.earthquake.indexer.ExternalIndexerListener.onIndexerEvent(ExternalIndexerListener.java:129)
	at gov.usgs.earthquake.indexer.IndexerListenerCallable.call(IndexerListenerCallable.java:37)
	at gov.usgs.earthquake.indexer.IndexerListenerCallable.call(IndexerListenerCallable.java:12)
	at gov.usgs.util.ExecutorTask.run(ExecutorTask.java:183)
	at java.base/java.util.concurrent.Executors$RunnableAdapter.call(Executors.java:514)
	at java.base/java.util.concurrent.FutureTask.run(FutureTask.java:264)
	at java.base/java.util.concurrent.ThreadPoolExecutor.runWorker(ThreadPoolExecutor.java:1135)
	at java.base/java.util.concurrent.ThreadPoolExecutor$Worker.run(ThreadPoolExecutor.java:635)
	at java.base/java.lang.Thread.run(Thread.java:844)
Wed Aug 22 17:04:37 MDT 2018
FINEST	thread=13	[null] storing product id=urn:usgs-product:us:testproduct:one:1534979077024
FINEST	thread=13	[null] acquiring write lock for product id=urn:usgs-product:us:testproduct:one:1534979077024
FINEST	thread=13	[null] acquired write lock for product id=urn:usgs-product:us:testproduct:one:1534979077024
FINEST	thread=13	[null] acquiring read lock for product id=urn:usgs-product:us:testproduct:one:1534979077024
FINEST	thread=13	[null] acquired read lock for product id=urn:usgs-product:us:testproduct:one:1534979077024
FINEST	thread=13	[null] releasing read lock for product id=urn:usgs-product:us:testproduct:one:1534979077024
FINEST	thread=13	[null] released read lock for product id=urn:usgs-product:us:testproduct:one:1534979077024
FINER	thread=13	[null] product stored id=urn:usgs-product:us:testproduct:one:1534979077024, status=UPDATE
FINEST	thread=13	[null] releasing write lock for product id=urn:usgs-product:us:testproduct:one:1534979077024
FINEST	thread=13	[null] released write lock for product id=urn:usgs-product:us:testproduct:one:1534979077024
FINEST	thread=13	[null] stored product id=urn:usgs-product:us:testproduct:one:1534979077024
FINER	thread=13	[null] summarizing product id=urn:usgs-product:us:testproduct:one:1534979077024
FINEST	thread=13	[null] beginning index transaction
FINER	thread=13	[null] finding previous version
FINEST	thread=13	[null] running query 
SELECT DISTINCT id FROM productSummary p WHERE p.id IS NOT NULL AND p.id = (SELECT id FROM productSummary ps WHERE ps.source='us' AND ps.type='testproduct' AND ps.code='one' AND ps.status <> 'DELETE' ORDER BY ps.updateTime DESC LIMIT 1) AND source='us' AND type='testproduct' AND code='one'
FINEST	thread=13	[null] query complete
FINER	thread=13	[null] finding previous event
FINEST	thread=13	Product Index Query
eventSearchType=SEARCH_EVENT_PRODUCTS
resultType=RESULT_TYPE_ALL
eventSource=us
eventSourceCode=one
FINEST	thread=13	Product Index Query
eventSearchType=SEARCH_EVENT_PREFERRED
resultType=RESULT_TYPE_ALL
minEventTime=Wed Aug 22 17:04:20 MDT 2018
maxEventTime=Wed Aug 22 17:04:52 MDT 2018
minEventLatitude=34.10007199424046075986183268469176255166530609130859375
maxEventLatitude=35.89992800575953924013816731530823744833469390869140625
minEventLongitude=-119.098609241146021986423875205218791961669921875
maxEventLongitude=-116.901390758853978013576124794781208038330078125
FINER	thread=13	[null] adding summary to index
FINEST	thread=13	[null] Added property eventsourcecode:one for product 5
FINEST	thread=13	[null] Added property eventtime:2018-08-22T23:04:36.817Z for product 5
FINEST	thread=13	[null] Added property eventsource:us for product 5
FINEST	thread=13	[null] Added property latitude:35 for product 5
FINEST	thread=13	[null] Added property longitude:-118 for product 5
FINEST	thread=13	[null] Added productSummary urn:usgs-product:us:testproduct:one:1534979077024, indexid=5 to product index
FINER	thread=13	[null] found existing event indexid=1
FINE	thread=13	Eventindexid=1, eventid=usone, latitude=35, longitude=-118, time=Wed Aug 22 17:04:36 MDT 2018, deleted=false
FINER	thread=13	Products in event
	status=UPDATE, id=urn:usgs-product:ci:testproduct:uno:1534979076879, eventid=ciuno, latitude=35, longitude=-118, time=Wed Aug 22 17:04:36 MDT 2018
	status=UPDATE, id=urn:usgs-product:us:testproduct:one:1534979076817, eventid=usone, latitude=35, longitude=-118, time=Wed Aug 22 17:04:36 MDT 2018
	status=UPDATE, id=urn:usgs-product:admin:trump-testproduct:us-testproduct-one:1534979076947, eventid=usone, latitude=null, longitude=null, time=null
FINER	thread=13	[null] Added associations event id=1, productSummary source=us, type=testproduct, code=one (id=5)
FINER	thread=13	[null] checking for event splits
FINEST	thread=13	Product Index Query
eventSearchType=SEARCH_EVENT_PREFERRED
resultType=RESULT_TYPE_ALL
minEventTime=Wed Aug 22 17:04:20 MDT 2018
maxEventTime=Wed Aug 22 17:04:52 MDT 2018
minEventLatitude=34.10007199424046075986183268469176255166530609130859375
maxEventLatitude=35.89992800575953924013816731530823744833469390869140625
minEventLongitude=-119.098609241146021986423875205218791961669921875
maxEventLongitude=-116.901390758853978013576124794781208038330078125
FINER	thread=13	[null] checking for event merges
FINEST	thread=13	Product Index Query
eventSearchType=SEARCH_EVENT_PREFERRED
resultType=RESULT_TYPE_ALL
minEventTime=Wed Aug 22 17:04:20 MDT 2018
maxEventTime=Wed Aug 22 17:04:52 MDT 2018
minEventLatitude=34.10007199424046075986183268469176255166530609130859375
maxEventLatitude=35.89992800575953924013816731530823744833469390869140625
minEventLongitude=-119.098609241146021986423875205218791961669921875
maxEventLongitude=-116.901390758853978013576124794781208038330078125
FINER	thread=13	[null] searching for nearby events
FINER	thread=13	[null] search for nearby events complete
FINER	thread=13	[null] searching for unassociated products
FINER	thread=13	[null] search for unassociated products complete
INFO	thread=13	Setting product preferred weight urn:usgs-product:us:testproduct:one:1534979077024, weight 6 (old) => 100000000 (new)
FINER	thread=13	[null] Removed associations event id=1, productSummary source=us, type=testproduct, code=one (id=5)
FINEST	thread=13	[null] Removed productSummary id=5
FINEST	thread=13	[null] Added property eventsourcecode:one for product 6
FINEST	thread=13	[null] Added property eventtime:2018-08-22T23:04:36.817Z for product 6
FINEST	thread=13	[null] Added property eventsource:us for product 6
FINEST	thread=13	[null] Added property latitude:35 for product 6
FINEST	thread=13	[null] Added property longitude:-118 for product 6
FINEST	thread=13	[null] Added productSummary urn:usgs-product:us:testproduct:one:1534979077024, indexid=6 to product index
FINER	thread=13	[null] Added associations event id=1, productSummary source=us, type=testproduct, code=one (id=6)
FINER	thread=13	[null] updating event summary parameters
FINER	thread=13	[null] Updating event indexid=1
FINE	thread=13	Eventindexid=1, eventid=usone, latitude=35, longitude=-118, time=Wed Aug 22 17:04:36 MDT 2018, deleted=false
FINER	thread=13	Products in event
	status=UPDATE, id=urn:usgs-product:ci:testproduct:uno:1534979076879, eventid=ciuno, latitude=35, longitude=-118, time=Wed Aug 22 17:04:36 MDT 2018
	status=UPDATE, id=urn:usgs-product:us:testproduct:one:1534979077024, eventid=usone, latitude=35, longitude=-118, time=Wed Aug 22 17:04:36 MDT 2018
	status=UPDATE, id=urn:usgs-product:admin:trump-testproduct:us-testproduct-one:1534979076947, eventid=usone, latitude=null, longitude=null, time=null
FINEST	thread=13	[null] Updated event properties in Product Index
FINER	thread=13	[null] committing transaction
FINE	thread=13	[null] notifying listeners
INFO	thread=13	[null] indexed product id=urn:usgs-product:us:testproduct:one:1534979077024, status=UPDATE
EVENT_UPDATED usone => usone
FINEST	thread=765	[null] acquiring read lock for product id=urn:usgs-product:us:testproduct:one:1534979077024
FINEST	thread=767	[null] acquiring read lock for product id=urn:usgs-product:us:testproduct:one:1534979077024
FINEST	thread=765	[null] acquired read lock for product id=urn:usgs-product:us:testproduct:one:1534979077024
FINEST	thread=767	[null] acquired read lock for product id=urn:usgs-product:us:testproduct:one:1534979077024
FINEST	thread=767	[null] releasing read lock for product id=urn:usgs-product:us:testproduct:one:1534979077024
FINEST	thread=765	[null] releasing read lock for product id=urn:usgs-product:us:testproduct:one:1534979077024
FINEST	thread=767	[null] released read lock for product id=urn:usgs-product:us:testproduct:one:1534979077024
FINEST	thread=765	[null] released read lock for product id=urn:usgs-product:us:testproduct:one:1534979077024
FINER	thread=765	[DirectoryProductSource] Product does not have any  URLContent. Scraping directory for files.
FINER	thread=767	[DirectoryProductSource] Product does not have any  URLContent. Scraping directory for files.
FINEST	thread=767	[null] acquiring write lock for product id=urn:usgs-product:us:testproduct:one:1534979077024
FINEST	thread=767	[null] acquired write lock for product id=urn:usgs-product:us:testproduct:one:1534979077024
FINEST	thread=767	[null] acquiring read lock for product id=urn:usgs-product:us:testproduct:one:1534979077024
FINEST	thread=767	[null] acquired read lock for product id=urn:usgs-product:us:testproduct:one:1534979077024
FINEST	thread=767	[null] releasing read lock for product id=urn:usgs-product:us:testproduct:one:1534979077024
FINEST	thread=767	[null] released read lock for product id=urn:usgs-product:us:testproduct:one:1534979077024
FINEST	thread=765	[null] acquiring write lock for product id=urn:usgs-product:us:testproduct:one:1534979077024
FINEST	thread=765	[null] acquired write lock for product id=urn:usgs-product:us:testproduct:one:1534979077024
FINEST	thread=765	[null] acquiring read lock for product id=urn:usgs-product:us:testproduct:one:1534979077024
FINEST	thread=765	[null] acquired read lock for product id=urn:usgs-product:us:testproduct:one:1534979077024
FINEST	thread=765	[null] acquiring read lock for product id=urn:usgs-product:us:testproduct:one:1534979077024
FINEST	thread=765	[null] acquired read lock for product id=urn:usgs-product:us:testproduct:one:1534979077024
FINEST	thread=765	[null] releasing read lock for product id=urn:usgs-product:us:testproduct:one:1534979077024
FINEST	thread=765	[null] released read lock for product id=urn:usgs-product:us:testproduct:one:1534979077024
FINEST	thread=765	[null] releasing read lock for product id=urn:usgs-product:us:testproduct:one:1534979077024
FINEST	thread=765	[null] released read lock for product id=urn:usgs-product:us:testproduct:one:1534979077024
FINEST	thread=765	[null] releasing write lock for product id=urn:usgs-product:us:testproduct:one:1534979077024
FINEST	thread=765	[null] released write lock for product id=urn:usgs-product:us:testproduct:one:1534979077024
INFO	thread=765	[null] product already in storage
FINEST	thread=765	[null] acquiring read lock for product id=urn:usgs-product:us:testproduct:one:1534979077024
FINEST	thread=765	[null] acquired read lock for product id=urn:usgs-product:us:testproduct:one:1534979077024
FINEST	thread=765	[null] releasing read lock for product id=urn:usgs-product:us:testproduct:one:1534979077024
FINEST	thread=765	[null] released read lock for product id=urn:usgs-product:us:testproduct:one:1534979077024
FINER	thread=767	[null] product stored id=urn:usgs-product:us:testproduct:one:1534979077024, status=UPDATE
FINEST	thread=767	[null] releasing write lock for product id=urn:usgs-product:us:testproduct:one:1534979077024
FINEST	thread=767	[null] released write lock for product id=urn:usgs-product:us:testproduct:one:1534979077024
FINEST	thread=767	[null] acquiring read lock for product id=urn:usgs-product:us:testproduct:one:1534979077024
FINEST	thread=767	[null] acquired read lock for product id=urn:usgs-product:us:testproduct:one:1534979077024
FINEST	thread=767	[null] releasing read lock for product id=urn:usgs-product:us:testproduct:one:1534979077024
FINEST	thread=767	[null] released read lock for product id=urn:usgs-product:us:testproduct:one:1534979077024
FINER	thread=767	[DirectoryProductSource] Product does not have any  URLContent. Scraping directory for files.
FINER	thread=765	[DirectoryProductSource] Product does not have any  URLContent. Scraping directory for files.
FINEST	thread=767	[null] acquiring read lock for product id=urn:usgs-product:us:testproduct:one:1534979077024
FINEST	thread=767	[null] acquired read lock for product id=urn:usgs-product:us:testproduct:one:1534979077024
FINEST	thread=767	[null] releasing read lock for product id=urn:usgs-product:us:testproduct:one:1534979077024
FINEST	thread=767	[null] released read lock for product id=urn:usgs-product:us:testproduct:one:1534979077024
FINER	thread=767	[DirectoryProductSource] Product does not have any  URLContent. Scraping directory for files.
INFO	thread=767	[null] running command echo --preferred-eventid=usone --preferred-eventsource=us --preferred-eventsourcecode=one --eventids=ciuno,usone --preferred-magnitude=null --preferred-latitude=35 --preferred-longitude=-118 --preferred-depth=null --preferred-eventtime=2018-08-22T23:04:36.817Z --directory=/Users/jmfee/Documents/git/pdl/_test_storage_/testproduct/one/us/1534979077024 --type=testproduct --code=one --source=us --updateTime=2018-08-22T23:04:37.024Z --status=UPDATE --trackerURL=http://localhost/tracker "--property-eventsourcecode=one" "--property-eventtime=2018-08-22T23:04:36.817Z" "--property-eventsource=us" "--property-latitude=35" "--property-longitude=-118" --action=EVENT_UPDATED
INFO	thread=767	[null] command 'echo --preferred-eventid=usone --preferred-eventsource=us --preferred-eventsourcecode=one --eventids=ciuno,usone --preferred-magnitude=null --preferred-latitude=35 --preferred-longitude=-118 --preferred-depth=null --preferred-eventtime=2018-08-22T23:04:36.817Z --directory=/Users/jmfee/Documents/git/pdl/_test_storage_/testproduct/one/us/1534979077024 --type=testproduct --code=one --source=us --updateTime=2018-08-22T23:04:37.024Z --status=UPDATE --trackerURL=http://localhost/tracker "--property-eventsourcecode=one" "--property-eventtime=2018-08-22T23:04:36.817Z" "--property-eventsource=us" "--property-latitude=35" "--property-longitude=-118" --action=EVENT_UPDATED' exited with status '0'
FINEST	thread=13	[null] storing product id=urn:usgs-product:admin:trump-testproduct:sc-testproduct-uno:1534979077111
FINEST	thread=13	[null] acquiring write lock for product id=urn:usgs-product:admin:trump-testproduct:sc-testproduct-uno:1534979077111
FINEST	thread=13	[null] acquired write lock for product id=urn:usgs-product:admin:trump-testproduct:sc-testproduct-uno:1534979077111
FINEST	thread=13	[null] acquiring read lock for product id=urn:usgs-product:admin:trump-testproduct:sc-testproduct-uno:1534979077111
FINEST	thread=13	[null] acquired read lock for product id=urn:usgs-product:admin:trump-testproduct:sc-testproduct-uno:1534979077111
FINEST	thread=13	[null] releasing read lock for product id=urn:usgs-product:admin:trump-testproduct:sc-testproduct-uno:1534979077111
FINEST	thread=13	[null] released read lock for product id=urn:usgs-product:admin:trump-testproduct:sc-testproduct-uno:1534979077111
FINER	thread=13	[null] product stored id=urn:usgs-product:admin:trump-testproduct:sc-testproduct-uno:1534979077111, status=UPDATE
FINEST	thread=13	[null] releasing write lock for product id=urn:usgs-product:admin:trump-testproduct:sc-testproduct-uno:1534979077111
FINEST	thread=13	[null] released write lock for product id=urn:usgs-product:admin:trump-testproduct:sc-testproduct-uno:1534979077111
FINEST	thread=13	[null] stored product id=urn:usgs-product:admin:trump-testproduct:sc-testproduct-uno:1534979077111
FINER	thread=13	[null] summarizing product id=urn:usgs-product:admin:trump-testproduct:sc-testproduct-uno:1534979077111
FINEST	thread=13	[null] beginning index transaction
FINER	thread=13	[null] finding previous version
FINEST	thread=13	[null] running query 
SELECT DISTINCT id FROM productSummary p WHERE p.id IS NOT NULL AND p.id = (SELECT id FROM productSummary ps WHERE ps.source='admin' AND ps.type='trump-testproduct' AND ps.code='sc-testproduct-uno' AND ps.status <> 'DELETE' ORDER BY ps.updateTime DESC LIMIT 1) AND source='admin' AND type='trump-testproduct' AND code='sc-testproduct-uno'
FINEST	thread=13	[null] query complete
FINER	thread=13	[null] finding previous event
FINEST	thread=13	Product Index Query
eventSearchType=SEARCH_EVENT_PRODUCTS
resultType=RESULT_TYPE_ALL
eventSource=ci
eventSourceCode=uno
FINER	thread=13	[null] adding summary to index
FINEST	thread=13	[null] Added property trump-source:ci for product 7
FINEST	thread=13	[null] Added property trump-code:uno for product 7
FINEST	thread=13	[null] Added property eventsourcecode:uno for product 7
FINEST	thread=13	[null] Added property eventsource:ci for product 7
FINEST	thread=13	[null] Added productSummary urn:usgs-product:admin:trump-testproduct:sc-testproduct-uno:1534979077111, indexid=7 to product index
FINER	thread=13	[null] found existing event indexid=1
FINE	thread=13	Eventindexid=1, eventid=usone, latitude=35, longitude=-118, time=Wed Aug 22 17:04:36 MDT 2018, deleted=false
FINER	thread=13	Products in event
	status=UPDATE, id=urn:usgs-product:ci:testproduct:uno:1534979076879, eventid=ciuno, latitude=35, longitude=-118, time=Wed Aug 22 17:04:36 MDT 2018
	status=UPDATE, id=urn:usgs-product:us:testproduct:one:1534979076817, eventid=usone, latitude=35, longitude=-118, time=Wed Aug 22 17:04:36 MDT 2018
	status=UPDATE, id=urn:usgs-product:us:testproduct:one:1534979077024, eventid=usone, latitude=35, longitude=-118, time=Wed Aug 22 17:04:36 MDT 2018
	status=UPDATE, id=urn:usgs-product:admin:trump-testproduct:us-testproduct-one:1534979076947, eventid=usone, latitude=null, longitude=null, time=null
FINER	thread=13	[null] Added associations event id=1, productSummary source=admin, type=trump-testproduct, code=sc-testproduct-uno (id=7)
FINER	thread=13	[null] checking for event splits
FINEST	thread=13	Product Index Query
eventSearchType=SEARCH_EVENT_PREFERRED
resultType=RESULT_TYPE_ALL
minEventTime=Wed Aug 22 17:04:20 MDT 2018
maxEventTime=Wed Aug 22 17:04:52 MDT 2018
minEventLatitude=34.10007199424046075986183268469176255166530609130859375
maxEventLatitude=35.89992800575953924013816731530823744833469390869140625
minEventLongitude=-119.098609241146021986423875205218791961669921875
maxEventLongitude=-116.901390758853978013576124794781208038330078125
FINER	thread=13	[null] checking for event merges
FINEST	thread=13	Product Index Query
eventSearchType=SEARCH_EVENT_PREFERRED
[...]
	at gov.usgs.earthquake.indexer.ExternalIndexerListener.storeProduct(ExternalIndexerListener.java:195)
	at gov.usgs.earthquake.indexer.ExternalIndexerListener.onIndexerEvent(ExternalIndexerListener.java:129)
	at gov.usgs.earthquake.indexer.IndexerListenerCallable.call(IndexerListenerCallable.java:37)
	at gov.usgs.earthquake.indexer.IndexerListenerCallable.call(IndexerListenerCallable.java:12)
	at gov.usgs.util.ExecutorTask.run(ExecutorTask.java:183)
	at java.base/java.util.concurrent.Executors$RunnableAdapter.call(Executors.java:514)
	at java.base/java.util.concurrent.FutureTask.run(FutureTask.java:264)
	at java.base/java.util.concurrent.ThreadPoolExecutor.runWorker(ThreadPoolExecutor.java:1135)
	at java.base/java.util.concurrent.ThreadPoolExecutor$Worker.run(ThreadPoolExecutor.java:635)
	at java.base/java.lang.Thread.run(Thread.java:844)
WARNING	thread=1043	[null] listener (null) threw exception, for product id=urn:usgs-product:us:testproduct:one:1534979084691
java.io.IOException: Unable to create directory /Users/jmfee/Documents/git/pdl/_test_storage_/testproduct/one/us/1534979084691
	at gov.usgs.util.StreamUtils.getOutputStream(StreamUtils.java:154)
	at gov.usgs.util.StreamUtils.getOutputStream(StreamUtils.java:185)
	at gov.usgs.earthquake.product.io.DirectoryProductHandler.onEndProduct(DirectoryProductHandler.java:68)
	at gov.usgs.earthquake.product.io.FilterProductHandler.onEndProduct(FilterProductHandler.java:71)
	at gov.usgs.earthquake.distribution.FileProductStorage$StorageProductOutput.onEndProduct(FileProductStorage.java:855)
	at gov.usgs.earthquake.product.io.ObjectProductSource.sendEndProduct(ObjectProductSource.java:166)
	at gov.usgs.earthquake.product.io.ObjectProductSource.streamTo(ObjectProductSource.java:62)
	at gov.usgs.earthquake.distribution.FileProductStorage.storeProductSource(FileProductStorage.java:693)
	at gov.usgs.earthquake.distribution.FileProductStorage.storeProduct(FileProductStorage.java:675)
	at gov.usgs.earthquake.indexer.ExternalIndexerListener.storeProduct(ExternalIndexerListener.java:194)
	at gov.usgs.earthquake.indexer.ExternalIndexerListener.onIndexerEvent(ExternalIndexerListener.java:129)
	at gov.usgs.earthquake.indexer.IndexerListenerCallable.call(IndexerListenerCallable.java:37)
	at gov.usgs.earthquake.indexer.IndexerListenerCallable.call(IndexerListenerCallable.java:12)
	at gov.usgs.util.ExecutorTask.run(ExecutorTask.java:183)
	at java.base/java.util.concurrent.Executors$RunnableAdapter.call(Executors.java:514)
	at java.base/java.util.concurrent.FutureTask.run(FutureTask.java:264)
	at java.base/java.util.concurrent.ThreadPoolExecutor.runWorker(ThreadPoolExecutor.java:1135)
	at java.base/java.util.concurrent.ThreadPoolExecutor$Worker.run(ThreadPoolExecutor.java:635)
	at java.base/java.lang.Thread.run(Thread.java:844)
FINE	thread=1043	Exception: Unable to create directory /Users/jmfee/Documents/git/pdl/_test_storage_/testproduct/one/us/1534979084691 source=us, type=testproduct, code=one, updateTime=Wed Aug 22 17:04:44 MDT 2018
FINE	thread=1040	Exception: _test_storage_/testproduct/one/us/1534979084691/product.xml (No such file or directory) source=us, type=testproduct, code=one, updateTime=Wed Aug 22 17:04:44 MDT 2018
INFO	thread=1040	Exception executing task
java.io.FileNotFoundException: _test_storage_/testproduct/one/us/1534979084691/product.xml (No such file or directory)
	at java.base/java.io.FileInputStream.open0(Native Method)
	at java.base/java.io.FileInputStream.open(FileInputStream.java:220)
	at java.base/java.io.FileInputStream.<init>(FileInputStream.java:158)
	at gov.usgs.util.StreamUtils.getInputStream(StreamUtils.java:60)
	at gov.usgs.earthquake.product.io.DirectoryProductSource.streamTo(DirectoryProductSource.java:55)
	at gov.usgs.earthquake.product.io.ObjectProductHandler.getProduct(ObjectProductHandler.java:172)
	at gov.usgs.earthquake.distribution.FileProductStorage.getProduct(FileProductStorage.java:465)
	at gov.usgs.earthquake.indexer.ExternalIndexerListener.storeProduct(ExternalIndexerListener.java:195)
	at gov.usgs.earthquake.indexer.ExternalIndexerListener.onIndexerEvent(ExternalIndexerListener.java:129)
	at gov.usgs.earthquake.indexer.IndexerListenerCallable.call(IndexerListenerCallable.java:37)
	at gov.usgs.earthquake.indexer.IndexerListenerCallable.call(IndexerListenerCallable.java:12)
	at gov.usgs.util.ExecutorTask.run(ExecutorTask.java:183)
	at java.base/java.util.concurrent.Executors$RunnableAdapter.call(Executors.java:514)
	at java.base/java.util.concurrent.FutureTask.run(FutureTask.java:264)
	at java.base/java.util.concurrent.ThreadPoolExecutor.runWorker(ThreadPoolExecutor.java:1135)
	at java.base/java.util.concurrent.ThreadPoolExecutor$Worker.run(ThreadPoolExecutor.java:635)
	at java.base/java.lang.Thread.run(Thread.java:844)
INFO	thread=1043	Exception executing task
java.io.IOException: Unable to create directory /Users/jmfee/Documents/git/pdl/_test_storage_/testproduct/one/us/1534979084691
	at gov.usgs.util.StreamUtils.getOutputStream(StreamUtils.java:154)
	at gov.usgs.util.StreamUtils.getOutputStream(StreamUtils.java:185)
	at gov.usgs.earthquake.product.io.DirectoryProductHandler.onEndProduct(DirectoryProductHandler.java:68)
	at gov.usgs.earthquake.product.io.FilterProductHandler.onEndProduct(FilterProductHandler.java:71)
	at gov.usgs.earthquake.distribution.FileProductStorage$StorageProductOutput.onEndProduct(FileProductStorage.java:855)
	at gov.usgs.earthquake.product.io.ObjectProductSource.sendEndProduct(ObjectProductSource.java:166)
	at gov.usgs.earthquake.product.io.ObjectProductSource.streamTo(ObjectProductSource.java:62)
	at gov.usgs.earthquake.distribution.FileProductStorage.storeProductSource(FileProductStorage.java:693)
	at gov.usgs.earthquake.distribution.FileProductStorage.storeProduct(FileProductStorage.java:675)
	at gov.usgs.earthquake.indexer.ExternalIndexerListener.storeProduct(ExternalIndexerListener.java:194)
	at gov.usgs.earthquake.indexer.ExternalIndexerListener.onIndexerEvent(ExternalIndexerListener.java:129)
	at gov.usgs.earthquake.indexer.IndexerListenerCallable.call(IndexerListenerCallable.java:37)
	at gov.usgs.earthquake.indexer.IndexerListenerCallable.call(IndexerListenerCallable.java:12)
	at gov.usgs.util.ExecutorTask.run(ExecutorTask.java:183)
	at java.base/java.util.concurrent.Executors$RunnableAdapter.call(Executors.java:514)
	at java.base/java.util.concurrent.FutureTask.run(FutureTask.java:264)
	at java.base/java.util.concurrent.ThreadPoolExecutor.runWorker(ThreadPoolExecutor.java:1135)
	at java.base/java.util.concurrent.ThreadPoolExecutor$Worker.run(ThreadPoolExecutor.java:635)
	at java.base/java.lang.Thread.run(Thread.java:844)
CONFIG	thread=13	[null] maxTries = 1
CONFIG	thread=13	[null] maxTries = 1
CONFIG	thread=13	[null] timeout = 0ms
CONFIG	thread=13	[null] retry delay = 300000ms
CONFIG	thread=13	[null] process duplicates = false
CONFIG	thread=13	[null] include paths = []
CONFIG	thread=13	[null] exclude paths = []
CONFIG	thread=13	[null] using storage directory /Users/jmfee/Documents/git/pdl/storage
CONFIG	thread=13	[null] loading ArchivePolicy 'testPolicy'
CONFIG	thread=13	[null] archive interval is '500'
CONFIG	thread=13	[null] no indexer modules configured.
CONFIG	thread=13	[null] no indexer listeners configured.
CONFIG	thread=13	[null] associateUsingCurrentProducts = false
INFO	thread=1056	Archiving disabled
INFO	thread=1056	[null] purged 0 expired events and 0 expired unassociated products.
FINE	thread=13	Digest='5pWnoslhAT9u2VyuTDXi30WwN3Y=' , 2ms
FINE	thread=13	Eventindexid=1, eventid=usabcd1234, latitude=0, longitude=0, time=Wed Aug 22 17:04:44 MDT 2018, deleted=false
FINE	thread=13	Eventindexid=1, eventid=usabcd1234, latitude=0, longitude=0, time=Wed Aug 22 17:04:44 MDT 2018, deleted=false
FINE	thread=13	[null] notifying listeners
INFO	thread=13	[null] indexed product id=urn:usgs-product:us:shakemap:abcd1234:1534979084762, status=UPDATE
EVENT_ADDED null => usabcd1234
INFO	thread=1057	[null] running command echo --preferred-eventid=usabcd1234 --preferred-eventsource=us --preferred-eventsourcecode=abcd1234 --eventids=usabcd1234 --preferred-magnitude=null --preferred-latitude=0 --preferred-longitude=0 --preferred-depth=null --preferred-eventtime=2018-08-22T23:04:44.765Z --directory=/Users/jmfee/Documents/git/pdl/_test_storage_/shakemap/abcd1234/us/1534979084762 --type=shakemap --code=abcd1234 --source=us --updateTime=2018-08-22T23:04:44.762Z --status=UPDATE --trackerURL=http://localhost/tracker "--property-testprop=testvalue" "--property-latitude=0" "--property-eventsourcecode=abcd1234" "--property-eventtime=2018-08-22T23:04:44.765Z" "--property-eventsource=us" "--property-longitude=0" --link-testrelation=http://google.com/ --content --contentType=text/html --signature=MCwCFBKBSpXEsxKui6EIUFu+F0kFo3qsAhRo22/UxYB2JR+IUw+UCoY8p3QTmQ== --action=EVENT_ADDED
INFO	thread=1059	[null] running command echo --preferred-eventid=usabcd1234 --preferred-eventsource=us --preferred-eventsourcecode=abcd1234 --eventids=usabcd1234 --preferred-magnitude=null --preferred-latitude=0 --preferred-longitude=0 --preferred-depth=null --preferred-eventtime=2018-08-22T23:04:44.765Z --directory=/Users/jmfee/Documents/git/pdl/_test_storage_/shakemap/abcd1234/us/1534979084762 --type=shakemap --code=abcd1234 --source=us --updateTime=2018-08-22T23:04:44.762Z --status=UPDATE --trackerURL=http://localhost/tracker "--property-testprop=testvalue" "--property-latitude=0" "--property-eventsourcecode=abcd1234" "--property-eventtime=2018-08-22T23:04:44.765Z" "--property-eventsource=us" "--property-longitude=0" --link-testrelation=http://google.com/ --content --contentType=text/html --signature=MCwCFBKBSpXEsxKui6EIUFu+F0kFo3qsAhRo22/UxYB2JR+IUw+UCoY8p3QTmQ== --action=EVENT_ADDED
INFO	thread=1059	[null] command 'echo --preferred-eventid=usabcd1234 --preferred-eventsource=us --preferred-eventsourcecode=abcd1234 --eventids=usabcd1234 --preferred-magnitude=null --preferred-latitude=0 --preferred-longitude=0 --preferred-depth=null --preferred-eventtime=2018-08-22T23:04:44.765Z --directory=/Users/jmfee/Documents/git/pdl/_test_storage_/shakemap/abcd1234/us/1534979084762 --type=shakemap --code=abcd1234 --source=us --updateTime=2018-08-22T23:04:44.762Z --status=UPDATE --trackerURL=http://localhost/tracker "--property-testprop=testvalue" "--property-latitude=0" "--property-eventsourcecode=abcd1234" "--property-eventtime=2018-08-22T23:04:44.765Z" "--property-eventsource=us" "--property-longitude=0" --link-testrelation=http://google.com/ --content --contentType=text/html --signature=MCwCFBKBSpXEsxKui6EIUFu+F0kFo3qsAhRo22/UxYB2JR+IUw+UCoY8p3QTmQ== --action=EVENT_ADDED' exited with status '0'
INFO	thread=1057	[null] command 'echo --preferred-eventid=usabcd1234 --preferred-eventsource=us --preferred-eventsourcecode=abcd1234 --eventids=usabcd1234 --preferred-magnitude=null --preferred-latitude=0 --preferred-longitude=0 --preferred-depth=null --preferred-eventtime=2018-08-22T23:04:44.765Z --directory=/Users/jmfee/Documents/git/pdl/_test_storage_/shakemap/abcd1234/us/1534979084762 --type=shakemap --code=abcd1234 --source=us --updateTime=2018-08-22T23:04:44.762Z --status=UPDATE --trackerURL=http://localhost/tracker "--property-testprop=testvalue" "--property-latitude=0" "--property-eventsourcecode=abcd1234" "--property-eventtime=2018-08-22T23:04:44.765Z" "--property-eventsource=us" "--property-longitude=0" --link-testrelation=http://google.com/ --content --contentType=text/html --signature=MCwCFBKBSpXEsxKui6EIUFu+F0kFo3qsAhRo22/UxYB2JR+IUw+UCoY8p3QTmQ== --action=EVENT_ADDED' exited with status '0'
FINE	thread=13	Digest='KVXZaIZbmxXUMRjXakpC9IUIz9k=' , 2ms
FINE	thread=13	Eventindexid=1, eventid=usabcd1234, latitude=0, longitude=0, time=Wed Aug 22 17:04:44 MDT 2018, deleted=false
FINE	thread=13	Eventindexid=1, eventid=usabcd1234, latitude=0, longitude=0, time=Wed Aug 22 17:04:44 MDT 2018, deleted=false
FINE	thread=13	[null] notifying listeners
INFO	thread=13	[null] indexed product id=urn:usgs-product:us:pager:abcd1234:1534979084828, status=UPDATE
EVENT_UPDATED usabcd1234 => usabcd1234
INFO	thread=1059	[null] running command echo --preferred-eventid=usabcd1234 --preferred-eventsource=us --preferred-eventsourcecode=abcd1234 --eventids=usabcd1234 --preferred-magnitude=null --preferred-latitude=0 --preferred-longitude=0 --preferred-depth=null --preferred-eventtime=2018-08-22T23:04:44.765Z --directory=/Users/jmfee/Documents/git/pdl/_test_storage_/pager/abcd1234/us/1534979084828 --type=pager --code=abcd1234 --source=us --updateTime=2018-08-22T23:04:44.828Z --status=UPDATE --trackerURL=http://localhost/tracker "--property-eventsourcecode=abcd1234" "--property-eventsource=us" "--property-testprop=testvalue" --link-testrelation=http://google.com/ --content --contentType=text/html --signature=MCwCFFbqtcu+8Sds/Xm/2gtLK2kAr+ykAhQHoixYvNM+xjOfEOVQV0tmXM7Flg== --action=EVENT_UPDATED
INFO	thread=1059	[null] command 'echo --preferred-eventid=usabcd1234 --preferred-eventsource=us --preferred-eventsourcecode=abcd1234 --eventids=usabcd1234 --preferred-magnitude=null --preferred-latitude=0 --preferred-longitude=0 --preferred-depth=null --preferred-eventtime=2018-08-22T23:04:44.765Z --directory=/Users/jmfee/Documents/git/pdl/_test_storage_/pager/abcd1234/us/1534979084828 --type=pager --code=abcd1234 --source=us --updateTime=2018-08-22T23:04:44.828Z --status=UPDATE --trackerURL=http://localhost/tracker "--property-eventsourcecode=abcd1234" "--property-eventsource=us" "--property-testprop=testvalue" --link-testrelation=http://google.com/ --content --contentType=text/html --signature=MCwCFFbqtcu+8Sds/Xm/2gtLK2kAr+ykAhQHoixYvNM+xjOfEOVQV0tmXM7Flg== --action=EVENT_UPDATED' exited with status '0'
FINE	thread=13	Digest='7F+tlSZ2WDcv/TfMwzfPr9k/8eU=' , 2ms
FINE	thread=13	Eventindexid=1, eventid=usabcd1234, latitude=0, longitude=0, time=Wed Aug 22 17:04:44 MDT 2018, deleted=false
FINE	thread=13	Eventindexid=1, eventid=usabcd1234, latitude=0, longitude=0, time=Wed Aug 22 17:04:44 MDT 2018, deleted=false
FINE	thread=13	[null] notifying listeners
INFO	thread=13	[null] indexed product id=urn:usgs-product:us:pager:abcd1234:1534979084892, status=UPDATE
EVENT_UPDATED usabcd1234 => usabcd1234
INFO	thread=1059	[null] product already in storage
INFO	thread=1059	[null] running command echo --preferred-eventid=usabcd1234 --preferred-eventsource=us --preferred-eventsourcecode=abcd1234 --eventids=usabcd1234 --preferred-magnitude=null --preferred-latitude=0 --preferred-longitude=0 --preferred-depth=null --preferred-eventtime=2018-08-22T23:04:44.765Z --directory=/Users/jmfee/Documents/git/pdl/_test_storage_/pager/abcd1234/us/1534979084892 --type=pager --code=abcd1234 --source=us --updateTime=2018-08-22T23:04:44.892Z --status=UPDATE --trackerURL=http://localhost/tracker "--property-eventsourcecode=abcd1234" "--property-eventsource=us" "--property-testprop=testvalue" --link-testrelation=http://google.com/ --content --contentType=text/html --signature=MC0CFAIHxKS6sJ6CFnLnyXq480pwFXifAhUAld9pyhHZK6YLr7t5YiK8dwdKTyk= --action=EVENT_UPDATED
INFO	thread=1059	[null] command 'echo --preferred-eventid=usabcd1234 --preferred-eventsource=us --preferred-eventsourcecode=abcd1234 --eventids=usabcd1234 --preferred-magnitude=null --preferred-latitude=0 --preferred-longitude=0 --preferred-depth=null --preferred-eventtime=2018-08-22T23:04:44.765Z --directory=/Users/jmfee/Documents/git/pdl/_test_storage_/pager/abcd1234/us/1534979084892 --type=pager --code=abcd1234 --source=us --updateTime=2018-08-22T23:04:44.892Z --status=UPDATE --trackerURL=http://localhost/tracker "--property-eventsourcecode=abcd1234" "--property-eventsource=us" "--property-testprop=testvalue" --link-testrelation=http://google.com/ --content --contentType=text/html --signature=MC0CFAIHxKS6sJ6CFnLnyXq480pwFXifAhUAld9pyhHZK6YLr7t5YiK8dwdKTyk= --action=EVENT_UPDATED' exited with status '0'
Enabling archive policy
Wed Aug 22 17:04:45 MDT 2018
FINE	thread=1056	[null] running event archive policy (null)
INFO	thread=1056	[null] archiving event usabcd1234
FINE	thread=1056	Eventindexid=1, eventid=usabcd1234, latitude=0, longitude=0, time=Wed Aug 22 17:04:44 MDT 2018, deleted=false
FINE	thread=1056	[null] event summary was null. This probably means the archive policy is notifying of an archived event.
FINE	thread=1057	Exception retreiving product from storage, probably archiving
java.lang.NullPointerException
	at gov.usgs.earthquake.indexer.ExternalIndexerListener.getProductSummaryCommand(ExternalIndexerListener.java:316)
	at gov.usgs.earthquake.indexer.ExternalIndexerListener.getProductSummaryCommand(ExternalIndexerListener.java:285)
	at gov.usgs.earthquake.indexer.ExternalIndexerListener.onIndexerEvent(ExternalIndexerListener.java:141)
	at gov.usgs.earthquake.indexer.IndexerListenerCallable.call(IndexerListenerCallable.java:37)
	at gov.usgs.earthquake.indexer.IndexerListenerCallable.call(IndexerListenerCallable.java:12)
	at gov.usgs.util.ExecutorTask.run(ExecutorTask.java:183)
	at java.base/java.util.concurrent.Executors$RunnableAdapter.call(Executors.java:514)
	at java.base/java.util.concurrent.FutureTask.run(FutureTask.java:264)
	at java.base/java.util.concurrent.ThreadPoolExecutor.runWorker(ThreadPoolExecutor.java:1135)
	at java.base/java.util.concurrent.ThreadPoolExecutor$Worker.run(ThreadPoolExecutor.java:635)
	at java.base/java.lang.Thread.run(Thread.java:844)
INFO	thread=1057	[null] running command echo --preferred-eventid=usabcd1234 --preferred-eventsource=us --preferred-eventsourcecode=abcd1234 --eventids=usabcd1234 --preferred-magnitude=null --preferred-latitude=0 --preferred-longitude=0 --preferred-depth=null --preferred-eventtime=2018-08-22T23:04:44.765Z --action=EVENT_ARCHIVED
INFO	thread=1056	[null] purged 1 expired events and 0 expired unassociated products.
FINE	thread=1059	Exception retreiving product from storage, probably archiving
java.lang.NullPointerException
	at gov.usgs.earthquake.indexer.ExternalIndexerListener.getProductSummaryCommand(ExternalIndexerListener.java:316)
	at gov.usgs.earthquake.indexer.ExternalIndexerListener.getProductSummaryCommand(ExternalIndexerListener.java:285)
	at gov.usgs.earthquake.indexer.ExternalIndexerListener.onIndexerEvent(ExternalIndexerListener.java:141)
	at gov.usgs.earthquake.indexer.IndexerListenerCallable.call(IndexerListenerCallable.java:37)
	at gov.usgs.earthquake.indexer.IndexerListenerCallable.call(IndexerListenerCallable.java:12)
	at gov.usgs.util.ExecutorTask.run(ExecutorTask.java:183)
	at java.base/java.util.concurrent.Executors$RunnableAdapter.call(Executors.java:514)
	at java.base/java.util.concurrent.FutureTask.run(FutureTask.java:264)
	at java.base/java.util.concurrent.ThreadPoolExecutor.runWorker(ThreadPoolExecutor.java:1135)
	at java.base/java.util.concurrent.ThreadPoolExecutor$Worker.run(ThreadPoolExecutor.java:635)
	at java.base/java.lang.Thread.run(Thread.java:844)
INFO	thread=1059	[null] running command echo --preferred-eventid=usabcd1234 --preferred-eventsource=us --preferred-eventsourcecode=abcd1234 --eventids=usabcd1234 --preferred-magnitude=null --preferred-latitude=0 --preferred-longitude=0 --preferred-depth=null --preferred-eventtime=2018-08-22T23:04:44.765Z --action=EVENT_ARCHIVED
INFO	thread=1057	[null] command 'echo --preferred-eventid=usabcd1234 --preferred-eventsource=us --preferred-eventsourcecode=abcd1234 --eventids=usabcd1234 --preferred-magnitude=null --preferred-latitude=0 --preferred-longitude=0 --preferred-depth=null --preferred-eventtime=2018-08-22T23:04:44.765Z --action=EVENT_ARCHIVED' exited with status '0'
INFO	thread=1059	[null] command 'echo --preferred-eventid=usabcd1234 --preferred-eventsource=us --preferred-eventsourcecode=abcd1234 --eventids=usabcd1234 --preferred-magnitude=null --preferred-latitude=0 --preferred-longitude=0 --preferred-depth=null --preferred-eventtime=2018-08-22T23:04:44.765Z --action=EVENT_ARCHIVED' exited with status '0'
Done archiving
]]></system-err>
</testsuite>
